{"level":"error","message":"× GET /api/recommendations 401 user=- reqId=bdb7a955-5f75-4d7c-a6fb-b9dd05826fa1 msg={\"message\":\"Unauthorized\",\"statusCode\":401}","timestamp":"2026-05-24T11:39:10.473Z"}
{"level":"error","message":"× GET /api/users/me/achievements 401 user=- reqId=a0e4e1c4-3f59-4218-b47c-70bbdffe95e8 msg={\"message\":\"Unauthorized\",\"statusCode\":401}","timestamp":"2026-05-24T11:39:10.803Z"}
{"level":"error","message":"× POST /api/auth/register 201 11ms user=- reqId=61f93a49-a9ab-4f0f-bcdf-8dd287f4df3a msg=User already exists","timestamp":"2026-05-24T11:39:54.518Z"}
{"level":"error","message":"× POST /api/auth/register 401 user=- reqId=61f93a49-a9ab-4f0f-bcdf-8dd287f4df3a msg={\"message\":\"User already exists\",\"error\":\"Unauthorized\",\"statusCode\":401}","timestamp":"2026-05-24T11:39:54.519Z"}
{"level":"error","message":"× POST /api/auth/login 200 360ms user=- reqId=e5f0e45d-8bd9-433a-9ad2-45e6e02dfc23 msg=Invalid credentials","timestamp":"2026-05-24T12:10:39.208Z"}
{"level":"error","message":"× POST /api/auth/login 401 user=- reqId=e5f0e45d-8bd9-433a-9ad2-45e6e02dfc23 msg={\"message\":\"Invalid credentials\",\"error\":\"Unauthorized\",\"statusCode\":401}","timestamp":"2026-05-24T12:10:39.211Z"}
{"level":"error","message":"× POST /api/auth/register 201 17ms user=- reqId=ca1bceb1-33ee-41e8-9b73-88aec44b9508 msg=User already exists","timestamp":"2026-05-24T12:11:18.872Z"}
{"level":"error","message":"× POST /api/auth/register 401 user=- reqId=ca1bceb1-33ee-41e8-9b73-88aec44b9508 msg={\"message\":\"User already exists\",\"error\":\"Unauthorized\",\"statusCode\":401}","timestamp":"2026-05-24T12:11:18.873Z"}
{"level":"error","message":"× POST /api/auth/register 201 14ms user=- reqId=d44fa84b-95c6-4034-81ac-0cc39c478bf0 msg=User already exists","timestamp":"2026-05-24T12:11:44.401Z"}
{"level":"error","message":"× POST /api/auth/register 401 user=- reqId=d44fa84b-95c6-4034-81ac-0cc39c478bf0 msg={\"message\":\"User already exists\",\"error\":\"Unauthorized\",\"statusCode\":401}","timestamp":"2026-05-24T12:11:44.404Z"}
{"level":"error","message":"× GET /api/recommendations 401 user=- reqId=b2ebe69a-98b2-4240-a9fa-a359b4f8d645 msg={\"message\":\"Unauthorized\",\"statusCode\":401}","timestamp":"2026-05-24T12:12:07.731Z"}
{"level":"error","message":"× GET /api/users/me/achievements 401 user=- reqId=347b8b1d-fc4b-47a1-85e9-0bcd060a8117 msg={\"message\":\"Unauthorized\",\"statusCode\":401}","timestamp":"2026-05-24T12:12:08.088Z"}
{"level":"warn","message":"add_review_viewer failed, using fallback insert. code=ER_NO_DEFAULT_FOR_FIELD errno=1364 msg=Field 'movie_id' doesn't have a default value","timestamp":"2026-05-24T12:13:24.043Z"}
{"level":"error","message":"addViewerReview insert failed code=ER_NO_REFERENCED_ROW_2 errno=1452 msg=Cannot add or update a child row: a foreign key constraint fails (`warehouse`.`reviews`, CONSTRAINT `reviews_ibfk_1` FOREIGN KEY (`movie_id`) REFERENCES `movies` (`id`) ON DELETE CASCADE)","timestamp":"2026-05-24T12:13:24.142Z"}
{"level":"error","message":"× POST /api/reviews 201 245ms user=33 reqId=90c380cc-6e21-4714-9aac-e1c676694a7e msg=Cannot add or update a child row: a foreign key constraint fails (`warehouse`.`reviews`, CONSTRAINT `reviews_ibfk_1` FOREIGN KEY (`movie_id`) REFERENCES `movies` (`id`) ON DELETE CASCADE)","timestamp":"2026-05-24T12:13:24.144Z"}
{"level":"error","message":"× POST /api/reviews 500 user=33 reqId=90c380cc-6e21-4714-9aac-e1c676694a7e msg={\"message\":\"Cannot add or update a child row: a foreign key constraint fails (`warehouse`.`reviews`, CONSTRAINT `reviews_ibfk_1` FOREIGN KEY (`movie_id`) REFERENCES `movies` (`id`) ON DELETE CASCADE)\",\"error\":\"Internal Server Error\",\"statusCode\":500}","timestamp":"2026-05-24T12:13:24.144Z"}
{"level":"error","message":"× GET /api/recommendations 401 user=- reqId=3ba0e2ce-9f39-4d55-a7a8-9f594e2795af msg={\"message\":\"Unauthorized\",\"statusCode\":401}","timestamp":"2026-05-24T12:14:25.940Z"}
{"level":"error","message":"× GET /api/users/me/achievements 401 user=- reqId=88a535eb-7502-4167-be9a-bb0414119318 msg={\"message\":\"Unauthorized\",\"statusCode\":401}","timestamp":"2026-05-24T12:14:26.181Z"}
{"level":"error","message":"Error: listen EADDRINUSE: address already in use :::8080","timestamp":"2026-05-24T12:29:06.243Z"}
{"level":"error","message":"× POST /api/auth/login 200 5ms user=- reqId=f497a5e3-0450-4fc7-88ee-fb92a8097679 msg=Bad Request Exception","timestamp":"2026-05-24T12:30:32.845Z"}
{"level":"error","message":"× POST /api/auth/login 400 user=- reqId=f497a5e3-0450-4fc7-88ee-fb92a8097679 msg={\"message\":[\"usernameOrEmail should not be empty\"],\"error\":\"Bad Request\",\"statusCode\":400}","timestamp":"2026-05-24T12:30:32.845Z"}
{"level":"error","message":"× POST /api/auth/login 200 2ms user=- reqId=7fabc822-dda3-46be-b1ef-5699b2e8f4f8 msg=Bad Request Exception","timestamp":"2026-05-24T12:30:40.623Z"}
{"level":"error","message":"× POST /api/auth/login 400 user=- reqId=7fabc822-dda3-46be-b1ef-5699b2e8f4f8 msg={\"message\":[\"usernameOrEmail should not be empty\"],\"error\":\"Bad Request\",\"statusCode\":400}","timestamp":"2026-05-24T12:30:40.623Z"}
{"level":"error","message":"× POST /api/auth/login 200 67ms user=- reqId=0fc1c2a2-7ab8-4399-848f-9c1d28ff70db msg=Invalid credentials","timestamp":"2026-05-24T12:30:49.688Z"}
{"level":"error","message":"× POST /api/auth/login 401 user=- reqId=0fc1c2a2-7ab8-4399-848f-9c1d28ff70db msg={\"message\":\"Invalid credentials\",\"error\":\"Unauthorized\",\"statusCode\":401}","timestamp":"2026-05-24T12:30:49.688Z"}
{"level":"error","message":"× POST /api/auth/login 200 60ms user=- reqId=eefcaef5-7f1a-4c96-ab26-3fc77d5a0c78 msg=Invalid credentials","timestamp":"2026-05-24T12:30:58.299Z"}
{"level":"error","message":"× POST /api/auth/login 401 user=- reqId=eefcaef5-7f1a-4c96-ab26-3fc77d5a0c78 msg={\"message\":\"Invalid credentials\",\"error\":\"Unauthorized\",\"statusCode\":401}","timestamp":"2026-05-24T12:30:58.299Z"}
{"level":"error","message":"× POST /api/auth/register 201 3ms user=- reqId=41c5cbae-2e73-4580-bfcf-629239deb542 msg=Bad Request Exception","timestamp":"2026-05-24T12:31:08.585Z"}
{"level":"error","message":"× POST /api/auth/register 400 user=- reqId=41c5cbae-2e73-4580-bfcf-629239deb542 msg={\"message\":[\"role must be one of the following values: USER, CRITIC, ADMIN\"],\"error\":\"Bad Request\",\"statusCode\":400}","timestamp":"2026-05-24T12:31:08.585Z"}
{"level":"error","message":"× POST /api/auth/register 201 2ms user=- reqId=0bb534d0-da99-4b55-bbb2-47f67ec853fe msg=Bad Request Exception","timestamp":"2026-05-24T12:31:17.494Z"}
{"level":"error","message":"× POST /api/auth/register 400 user=- reqId=0bb534d0-da99-4b55-bbb2-47f67ec853fe msg={\"message\":[\"role must be one of the following values: USER, CRITIC, ADMIN\"],\"error\":\"Bad Request\",\"statusCode\":400}","timestamp":"2026-05-24T12:31:17.494Z"}
{"level":"warn","message":"add_review_viewer failed, using fallback insert. code=ER_SP_NO_RETSET errno=1415 msg=Not allowed to return a result set from a trigger","timestamp":"2026-05-24T12:32:28.796Z"}
{"level":"error","message":"addViewerReview insert failed code=ER_SP_NO_RETSET errno=1415 msg=Not allowed to return a result set from a trigger","timestamp":"2026-05-24T12:32:28.864Z"}
{"level":"error","message":"× POST /api/reviews 201 150ms user=33 reqId=a6b66799-6622-4fe4-a9de-6ccf6373b8b8 msg=Not allowed to return a result set from a trigger","timestamp":"2026-05-24T12:32:28.864Z"}
{"level":"error","message":"× POST /api/reviews 500 user=33 reqId=a6b66799-6622-4fe4-a9de-6ccf6373b8b8 msg={\"message\":\"Not allowed to return a result set from a trigger\",\"error\":\"Internal Server Error\",\"statusCode\":500}","timestamp":"2026-05-24T12:32:28.865Z"}
{"level":"warn","message":"add_review_viewer failed, using fallback insert. code=ER_SP_NO_RETSET errno=1415 msg=Not allowed to return a result set from a trigger","timestamp":"2026-05-24T12:33:05.347Z"}
{"level":"error","message":"addViewerReview insert failed code=ER_SP_NO_RETSET errno=1415 msg=Not allowed to return a result set from a trigger","timestamp":"2026-05-24T12:33:05.382Z"}
{"level":"error","message":"× POST /api/reviews 201 64ms user=33 reqId=d6edd041-c66e-4ea6-b62f-84b6d9bc2a17 msg=Not allowed to return a result set from a trigger","timestamp":"2026-05-24T12:33:05.383Z"}
{"level":"error","message":"× POST /api/reviews 500 user=33 reqId=d6edd041-c66e-4ea6-b62f-84b6d9bc2a17 msg={\"message\":\"Not allowed to return a result set from a trigger\",\"error\":\"Internal Server Error\",\"statusCode\":500}","timestamp":"2026-05-24T12:33:05.383Z"}
{"level":"warn","message":"add_review_viewer failed, using fallback insert. code=ER_SP_NO_RETSET errno=1415 msg=Not allowed to return a result set from a trigger","timestamp":"2026-05-24T12:33:26.727Z"}
{"level":"error","message":"addViewerReview insert failed code=ER_SP_NO_RETSET errno=1415 msg=Not allowed to return a result set from a trigger","timestamp":"2026-05-24T12:33:26.762Z"}
{"level":"error","message":"× POST /api/reviews 201 45ms user=33 reqId=3259e07b-1b9b-4384-8c29-740ae70fb337 msg=Not allowed to return a result set from a trigger","timestamp":"2026-05-24T12:33:26.763Z"}
{"level":"error","message":"× POST /api/reviews 500 user=33 reqId=3259e07b-1b9b-4384-8c29-740ae70fb337 msg={\"message\":\"Not allowed to return a result set from a trigger\",\"error\":\"Internal Server Error\",\"statusCode\":500}","timestamp":"2026-05-24T12:33:26.763Z"}
{"level":"warn","message":"add_review_viewer failed, using fallback insert. code=ER_SP_NO_RETSET errno=1415 msg=Not allowed to return a result set from a trigger","timestamp":"2026-05-24T12:39:39.969Z"}
{"level":"error","message":"addViewerReview insert failed code=ER_SP_NO_RETSET errno=1415 msg=Not allowed to return a result set from a trigger","timestamp":"2026-05-24T12:39:40.035Z"}
{"level":"error","message":"× POST /api/reviews 201 172ms user=33 reqId=08107fb9-eca4-41ec-a43e-68bb248c38c3 msg=Not allowed to return a result set from a trigger","timestamp":"2026-05-24T12:39:40.037Z"}
{"level":"error","message":"× POST /api/reviews 500 user=33 reqId=08107fb9-eca4-41ec-a43e-68bb248c38c3 msg={\"message\":\"Not allowed to return a result set from a trigger\",\"error\":\"Internal Server Error\",\"statusCode\":500}","timestamp":"2026-05-24T12:39:40.038Z"}
