{"level":"info","message":"UsersController {/api/users}:","timestamp":"2026-05-27T11:41:32.572Z"}
{"level":"info","message":"Mapped {/api/users/me, GET} route","timestamp":"2026-05-27T11:41:32.578Z"}
{"level":"info","message":"Mapped {/api/users/me, PATCH} route","timestamp":"2026-05-27T11:41:32.583Z"}
{"level":"info","message":"Mapped {/api/users/me/password, PATCH} route","timestamp":"2026-05-27T11:41:32.586Z"}
{"level":"info","message":"Mapped {/api/users/by-username/:username, GET} route","timestamp":"2026-05-27T11:41:32.593Z"}
{"level":"info","message":"Mapped {/api/users/me/level, GET} route","timestamp":"2026-05-27T11:41:32.595Z"}
{"level":"info","message":"Mapped {/api/users/me/achievements, GET} route","timestamp":"2026-05-27T11:41:32.595Z"}
{"level":"info","message":"Mapped {/api/users/leaderboard, GET} route","timestamp":"2026-05-27T11:41:32.596Z"}
{"level":"info","message":"Mapped {/api/users/me/taste-profile, GET} route","timestamp":"2026-05-27T11:41:32.599Z"}
{"level":"info","message":"Mapped {/api/users/me/recommendations, GET} route","timestamp":"2026-05-27T11:41:32.602Z"}
{"level":"info","message":"Mapped {/api/users/me/watchlist, GET} route","timestamp":"2026-05-27T11:41:32.610Z"}
{"level":"info","message":"Mapped {/api/users/me/watchlist/:contentId, POST} route","timestamp":"2026-05-27T11:41:32.622Z"}
{"level":"info","message":"Mapped {/api/users/me/watchlist/:contentId, DELETE} route","timestamp":"2026-05-27T11:41:32.624Z"}
{"level":"info","message":"GamificationController {/api/gamification}:","timestamp":"2026-05-27T11:41:32.633Z"}
{"level":"info","message":"Mapped {/api/gamification/my-achievements, GET} route","timestamp":"2026-05-27T11:41:32.636Z"}
{"level":"info","message":"Mapped {/api/gamification/user/:id, GET} route","timestamp":"2026-05-27T11:41:32.643Z"}
{"level":"info","message":"Mapped {/api/gamification/all, GET} route","timestamp":"2026-05-27T11:41:32.647Z"}
{"level":"info","message":"Mapped {/api/gamification, POST} route","timestamp":"2026-05-27T11:41:32.653Z"}
{"level":"info","message":"Mapped {/api/gamification/:id, PUT} route","timestamp":"2026-05-27T11:41:32.657Z"}
{"level":"info","message":"Mapped {/api/gamification/:id, DELETE} route","timestamp":"2026-05-27T11:41:32.661Z"}
{"level":"info","message":"AuthController {/api/auth}:","timestamp":"2026-05-27T11:41:32.663Z"}
{"level":"info","message":"Mapped {/api/auth/login, POST} route","timestamp":"2026-05-27T11:41:32.667Z"}
{"level":"info","message":"Mapped {/api/auth/register, POST} route","timestamp":"2026-05-27T11:41:32.669Z"}
{"level":"info","message":"Mapped {/api/auth/validate, GET} route","timestamp":"2026-05-27T11:41:32.671Z"}
{"level":"info","message":"AdminController {/api/admin}:","timestamp":"2026-05-27T11:41:32.671Z"}
{"level":"info","message":"Mapped {/api/admin/stats, GET} route","timestamp":"2026-05-27T11:41:32.678Z"}
{"level":"info","message":"Mapped {/api/admin/users, GET} route","timestamp":"2026-05-27T11:41:32.680Z"}
{"level":"info","message":"Mapped {/api/admin/users/top, GET} route","timestamp":"2026-05-27T11:41:32.686Z"}
{"level":"info","message":"Mapped {/api/admin/reviews, GET} route","timestamp":"2026-05-27T11:41:32.688Z"}
{"level":"info","message":"Mapped {/api/admin/reviews/:id, DELETE} route","timestamp":"2026-05-27T11:41:32.697Z"}
{"level":"info","message":"Mapped {/api/admin/users/:id/status, PATCH} route","timestamp":"2026-05-27T11:41:32.718Z"}
{"level":"info","message":"Mapped {/api/admin/users/:id/role, PATCH} route","timestamp":"2026-05-27T11:41:32.728Z"}
{"level":"info","message":"Mapped {/api/admin/users/:id, DELETE} route","timestamp":"2026-05-27T11:41:32.736Z"}
{"level":"info","message":"ContentController {/api/content}:","timestamp":"2026-05-27T11:41:32.738Z"}
{"level":"info","message":"Mapped {/api/content/search, GET} route","timestamp":"2026-05-27T11:41:32.756Z"}
{"level":"info","message":"Mapped {/api/content/autocomplete, GET} route","timestamp":"2026-05-27T11:41:32.759Z"}
{"level":"info","message":"Mapped {/api/content, GET} route","timestamp":"2026-05-27T11:41:32.761Z"}
{"level":"info","message":"Mapped {/api/content/stats, GET} route","timestamp":"2026-05-27T11:41:32.761Z"}
{"level":"info","message":"Mapped {/api/content/country-stats/global, GET} route","timestamp":"2026-05-27T11:41:32.762Z"}
{"level":"info","message":"Mapped {/api/content/country-ratings/stats, GET} route","timestamp":"2026-05-27T11:41:32.763Z"}
{"level":"info","message":"Mapped {/api/content/:id/emotional-cloud, GET} route","timestamp":"2026-05-27T11:41:32.771Z"}
{"level":"info","message":"Mapped {/api/content/:id/perception-map, GET} route","timestamp":"2026-05-27T11:41:32.776Z"}
{"level":"info","message":"Mapped {/api/content/:id/dynamics, GET} route","timestamp":"2026-05-27T11:41:32.779Z"}
{"level":"info","message":"Mapped {/api/content/:id/country-ratings, GET} route","timestamp":"2026-05-27T11:41:32.780Z"}
{"level":"info","message":"Mapped {/api/content/:id, GET} route","timestamp":"2026-05-27T11:41:32.783Z"}
{"level":"info","message":"Mapped {/api/content, POST} route","timestamp":"2026-05-27T11:41:32.789Z"}
{"level":"info","message":"Mapped {/api/content/:id, PUT} route","timestamp":"2026-05-27T11:41:32.797Z"}
{"level":"info","message":"Mapped {/api/content/:id, DELETE} route","timestamp":"2026-05-27T11:41:32.829Z"}
{"level":"info","message":"Mapped {/api/content/hero-carousel/active, GET} route","timestamp":"2026-05-27T11:41:32.835Z"}
{"level":"info","message":"Mapped {/api/content/hero-carousel/all, GET} route","timestamp":"2026-05-27T11:41:32.837Z"}
{"level":"info","message":"Mapped {/api/content/hero-carousel, POST} route","timestamp":"2026-05-27T11:41:32.838Z"}
{"level":"info","message":"Mapped {/api/content/hero-carousel/:id, PUT} route","timestamp":"2026-05-27T11:41:32.846Z"}
{"level":"info","message":"Mapped {/api/content/hero-carousel/:id, DELETE} route","timestamp":"2026-05-27T11:41:32.853Z"}
{"level":"info","message":"Mapped {/api/content/coming-soon/active, GET} route","timestamp":"2026-05-27T11:41:32.855Z"}
{"level":"info","message":"Mapped {/api/content/coming-soon/all, GET} route","timestamp":"2026-05-27T11:41:32.858Z"}
{"level":"info","message":"Mapped {/api/content/coming-soon, POST} route","timestamp":"2026-05-27T11:41:32.861Z"}
{"level":"info","message":"Mapped {/api/content/coming-soon/:id, PUT} route","timestamp":"2026-05-27T11:41:32.864Z"}
{"level":"info","message":"Mapped {/api/content/coming-soon/:id, DELETE} route","timestamp":"2026-05-27T11:41:32.865Z"}
{"level":"info","message":"ReviewsController {/api/reviews}:","timestamp":"2026-05-27T11:41:32.866Z"}
{"level":"info","message":"Mapped {/api/reviews, POST} route","timestamp":"2026-05-27T11:41:32.867Z"}
{"level":"info","message":"Mapped {/api/reviews/pro, POST} route","timestamp":"2026-05-27T11:41:32.867Z"}
{"level":"info","message":"Mapped {/api/reviews/:id, DELETE} route","timestamp":"2026-05-27T11:41:32.868Z"}
{"level":"info","message":"Mapped {/api/reviews/content/:contentId, GET} route","timestamp":"2026-05-27T11:41:32.868Z"}
{"level":"info","message":"Mapped {/api/reviews/user/:userId, GET} route","timestamp":"2026-05-27T11:41:32.869Z"}
{"level":"info","message":"Mapped {/api/reviews/my, GET} route","timestamp":"2026-05-27T11:41:32.870Z"}
{"level":"info","message":"Mapped {/api/reviews/:id/vote, POST} route","timestamp":"2026-05-27T11:41:32.871Z"}
{"level":"info","message":"CriticsController {/api/critics}:","timestamp":"2026-05-27T11:41:32.873Z"}
{"level":"info","message":"Mapped {/api/critics, GET} route","timestamp":"2026-05-27T11:41:32.876Z"}
{"level":"info","message":"Mapped {/api/critics/followed, GET} route","timestamp":"2026-05-27T11:41:32.878Z"}
{"level":"info","message":"Mapped {/api/critics/:id/follow, POST} route","timestamp":"2026-05-27T11:41:32.879Z"}
{"level":"info","message":"Mapped {/api/critics/:id/follow, DELETE} route","timestamp":"2026-05-27T11:41:32.879Z"}
{"level":"info","message":"Mapped {/api/critics/personalized, GET} route","timestamp":"2026-05-27T11:41:32.891Z"}
{"level":"info","message":"Mapped {/api/critics/personalized/:contentId, GET} route","timestamp":"2026-05-27T11:41:32.894Z"}
{"level":"info","message":"Mapped {/api/critics/publications/all, GET} route","timestamp":"2026-05-27T11:41:32.895Z"}
{"level":"info","message":"Mapped {/api/critics/publications, POST} route","timestamp":"2026-05-27T11:41:32.897Z"}
{"level":"info","message":"Mapped {/api/critics/publications/:id, PUT} route","timestamp":"2026-05-27T11:41:32.899Z"}
{"level":"info","message":"Mapped {/api/critics/publications/:id, DELETE} route","timestamp":"2026-05-27T11:41:32.900Z"}
{"level":"info","message":"AnalyticsController {/api/analytics}:","timestamp":"2026-05-27T11:41:32.902Z"}
{"level":"info","message":"Mapped {/api/analytics/world-ratings, GET} route","timestamp":"2026-05-27T11:41:32.905Z"}
{"level":"info","message":"Mapped {/api/analytics/anti-rating, GET} route","timestamp":"2026-05-27T11:41:32.909Z"}
{"level":"info","message":"Mapped {/api/analytics/hype-top, GET} route","timestamp":"2026-05-27T11:41:32.911Z"}
{"level":"info","message":"Mapped {/api/analytics/ml-status, GET} route","timestamp":"2026-05-27T11:41:32.912Z"}
{"level":"info","message":"Mapped {/api/analytics/realtime/status, GET} route","timestamp":"2026-05-27T11:41:32.912Z"}
{"level":"info","message":"Mapped {/api/analytics/realtime/content/:contentId, GET} route","timestamp":"2026-05-27T11:41:32.913Z"}
{"level":"info","message":"Mapped {/api/analytics/realtime/top-content, GET} route","timestamp":"2026-05-27T11:41:32.913Z"}
{"level":"info","message":"Mapped {/api/analytics/realtime/user/:userId, GET} route","timestamp":"2026-05-27T11:41:32.914Z"}
{"level":"info","message":"Mapped {/api/analytics/realtime/trends/reviews, GET} route","timestamp":"2026-05-27T11:41:32.914Z"}
{"level":"info","message":"Mapped {/api/analytics/realtime/distribution/ratings, GET} route","timestamp":"2026-05-27T11:41:32.915Z"}
{"level":"info","message":"Mapped {/api/analytics/realtime/emotions, GET} route","timestamp":"2026-05-27T11:41:32.915Z"}
{"level":"info","message":"Mapped {/api/analytics/realtime/activity/hourly, GET} route","timestamp":"2026-05-27T11:41:32.916Z"}
{"level":"info","message":"ExpectationsController {/api/expectations}:","timestamp":"2026-05-27T11:41:32.917Z"}
{"level":"info","message":"Mapped {/api/expectations/:contentId, POST} route","timestamp":"2026-05-27T11:41:32.917Z"}
{"level":"info","message":"Mapped {/api/expectations/:contentId/me, GET} route","timestamp":"2026-05-27T11:41:32.918Z"}
{"level":"info","message":"Mapped {/api/expectations/:contentId, GET} route","timestamp":"2026-05-27T11:41:32.918Z"}
{"level":"info","message":"ExternalApiController {/api/external}:","timestamp":"2026-05-27T11:41:32.920Z"}
{"level":"info","message":"Mapped {/api/external/status, GET} route","timestamp":"2026-05-27T11:41:32.929Z"}
{"level":"info","message":"Mapped {/api/external/tmdb/search/movies, GET} route","timestamp":"2026-05-27T11:41:32.930Z"}
{"level":"info","message":"Mapped {/api/external/tmdb/movies/popular, GET} route","timestamp":"2026-05-27T11:41:32.931Z"}
{"level":"info","message":"Mapped {/api/external/tmdb/movies/top-rated, GET} route","timestamp":"2026-05-27T11:41:32.935Z"}
{"level":"info","message":"Mapped {/api/external/tmdb/movies/upcoming, GET} route","timestamp":"2026-05-27T11:41:32.942Z"}
{"level":"info","message":"Mapped {/api/external/tmdb/movies/:id, GET} route","timestamp":"2026-05-27T11:41:32.943Z"}
{"level":"info","message":"Mapped {/api/external/tmdb/search/tv, GET} route","timestamp":"2026-05-27T11:41:32.944Z"}
{"level":"info","message":"Mapped {/api/external/tmdb/tv/popular, GET} route","timestamp":"2026-05-27T11:41:32.945Z"}
{"level":"info","message":"Mapped {/api/external/tmdb/tv/:id, GET} route","timestamp":"2026-05-27T11:41:32.945Z"}
{"level":"info","message":"Mapped {/api/external/igdb/search, GET} route","timestamp":"2026-05-27T11:41:32.946Z"}
{"level":"info","message":"Mapped {/api/external/igdb/games/popular, GET} route","timestamp":"2026-05-27T11:41:32.946Z"}
{"level":"info","message":"Mapped {/api/external/igdb/games/top-rated, GET} route","timestamp":"2026-05-27T11:41:32.953Z"}
{"level":"info","message":"Mapped {/api/external/igdb/games/upcoming, GET} route","timestamp":"2026-05-27T11:41:32.967Z"}
{"level":"info","message":"Mapped {/api/external/igdb/games/recent, GET} route","timestamp":"2026-05-27T11:41:32.980Z"}
{"level":"info","message":"Mapped {/api/external/igdb/games/:id, GET} route","timestamp":"2026-05-27T11:41:32.987Z"}
{"level":"info","message":"Mapped {/api/external/igdb/platforms, GET} route","timestamp":"2026-05-27T11:41:32.988Z"}
{"level":"info","message":"Mapped {/api/external/igdb/genres, GET} route","timestamp":"2026-05-27T11:41:32.991Z"}
{"level":"info","message":"Mapped {/api/external/import/movie/:tmdbId, POST} route","timestamp":"2026-05-27T11:41:32.992Z"}
{"level":"info","message":"Mapped {/api/external/import/tv/:tmdbId, POST} route","timestamp":"2026-05-27T11:41:32.994Z"}
{"level":"info","message":"Mapped {/api/external/import/game/:igdbId, POST} route","timestamp":"2026-05-27T11:41:33.001Z"}
{"level":"info","message":"Mapped {/api/external/import/bulk/movies, POST} route","timestamp":"2026-05-27T11:41:33.003Z"}
{"level":"info","message":"Mapped {/api/external/import/bulk/games, POST} route","timestamp":"2026-05-27T11:41:33.003Z"}
{"level":"info","message":"RecommendationsController {/api/recommendations}:","timestamp":"2026-05-27T11:41:33.004Z"}
{"level":"info","message":"Mapped {/api/recommendations, GET} route","timestamp":"2026-05-27T11:41:33.005Z"}
{"level":"info","message":"Mapped {/api/recommendations/generate, POST} route","timestamp":"2026-05-27T11:41:33.006Z"}
{"level":"info","message":"Kafka is disabled. Set KAFKA_ENABLED=true to enable.","timestamp":"2026-05-27T11:41:33.461Z"}
{"level":"info","message":"ClickHouse is disabled. Set CLICKHOUSE_ENABLED=true to enable.","timestamp":"2026-05-27T11:41:33.462Z"}
{"level":"info","message":"Nest application successfully started","timestamp":"2026-05-27T11:41:33.829Z"}
{"level":"info","message":"→ GET /api/content?type=MOVIE&limit=12 user=- reqId=f68edd37-8370-47a9-930c-ae1f7a6112a2","timestamp":"2026-05-27T11:41:37.751Z"}
{"level":"info","message":"→ GET /api/content?type=TV_SERIES&limit=8 user=- reqId=e55f6572-0cfe-4610-9ce1-e23b552ca044","timestamp":"2026-05-27T11:41:37.759Z"}
{"level":"info","message":"→ GET /api/content?type=GAME&limit=8 user=- reqId=c5cc8150-7e2a-4614-b354-23217c6e66b5","timestamp":"2026-05-27T11:41:37.764Z"}
{"level":"info","message":"→ GET /api/content/coming-soon/active user=- reqId=352e2f4c-7302-4eb9-a238-9eae7d5c157f","timestamp":"2026-05-27T11:41:37.769Z"}
{"level":"info","message":"← GET /api/content?type=MOVIE&limit=12 200 51ms user=- reqId=f68edd37-8370-47a9-930c-ae1f7a6112a2","timestamp":"2026-05-27T11:41:37.802Z"}
{"level":"info","message":"← GET /api/content?type=GAME&limit=8 200 75ms user=- reqId=c5cc8150-7e2a-4614-b354-23217c6e66b5","timestamp":"2026-05-27T11:41:37.840Z"}
{"level":"info","message":"← GET /api/content/coming-soon/active 200 83ms user=- reqId=352e2f4c-7302-4eb9-a238-9eae7d5c157f","timestamp":"2026-05-27T11:41:37.852Z"}
{"level":"info","message":"→ GET /api/content?type=MOVIE&limit=12 user=- reqId=6adeea7d-47e3-4500-bfca-e2ee06b844fb","timestamp":"2026-05-27T11:41:37.856Z"}
{"level":"info","message":"← GET /api/content?type=TV_SERIES&limit=8 200 102ms user=- reqId=e55f6572-0cfe-4610-9ce1-e23b552ca044","timestamp":"2026-05-27T11:41:37.860Z"}
{"level":"info","message":"→ GET /api/content?type=GAME&limit=8 user=- reqId=a9513987-ca7a-444b-9d1c-e6200acfd96d","timestamp":"2026-05-27T11:41:37.866Z"}
{"level":"info","message":"← GET /api/content?type=MOVIE&limit=12 200 20ms user=- reqId=6adeea7d-47e3-4500-bfca-e2ee06b844fb","timestamp":"2026-05-27T11:41:37.876Z"}
{"level":"info","message":"← GET /api/content?type=GAME&limit=8 200 16ms user=- reqId=a9513987-ca7a-444b-9d1c-e6200acfd96d","timestamp":"2026-05-27T11:41:37.881Z"}
{"level":"info","message":"→ GET /api/content/coming-soon/active user=- reqId=d800572e-ee0c-4ba1-9039-efb8b5fd303c","timestamp":"2026-05-27T11:41:38.165Z"}
{"level":"info","message":"← GET /api/content/coming-soon/active 200 5ms user=- reqId=d800572e-ee0c-4ba1-9039-efb8b5fd303c","timestamp":"2026-05-27T11:41:38.171Z"}
{"level":"info","message":"→ GET /api/content?type=TV_SERIES&limit=8 user=- reqId=d63730c2-55ec-4bda-a8df-c47aab0e3a0a","timestamp":"2026-05-27T11:41:38.176Z"}
{"level":"info","message":"← GET /api/content?type=TV_SERIES&limit=8 200 5ms user=- reqId=d63730c2-55ec-4bda-a8df-c47aab0e3a0a","timestamp":"2026-05-27T11:41:38.181Z"}
{"level":"info","message":"→ GET /api/content?type=MOVIE&limit=60 user=- reqId=69a3d671-1f0d-481f-9b7f-06829106a21f","timestamp":"2026-05-27T11:41:54.607Z"}
{"level":"info","message":"← GET /api/content?type=MOVIE&limit=60 200 16ms user=- reqId=69a3d671-1f0d-481f-9b7f-06829106a21f","timestamp":"2026-05-27T11:41:54.622Z"}
{"level":"info","message":"→ GET /api/content?type=MOVIE&limit=60 user=- reqId=5bfb736f-de16-492e-809b-a1b9b5fcfdec","timestamp":"2026-05-27T11:41:54.850Z"}
{"level":"info","message":"← GET /api/content?type=MOVIE&limit=60 200 8ms user=- reqId=5bfb736f-de16-492e-809b-a1b9b5fcfdec","timestamp":"2026-05-27T11:41:54.859Z"}
{"level":"info","message":"→ GET /api/content?type=TV_SERIES&limit=60 user=- reqId=f9a35f11-545b-47e0-b903-bea5bdd7c2b3","timestamp":"2026-05-27T11:42:00.793Z"}
{"level":"info","message":"← GET /api/content?type=TV_SERIES&limit=60 200 12ms user=- reqId=f9a35f11-545b-47e0-b903-bea5bdd7c2b3","timestamp":"2026-05-27T11:42:00.806Z"}
{"level":"info","message":"→ GET /api/content?type=TV_SERIES&limit=60 user=- reqId=1c44aded-2457-48eb-ab58-5e0c69264778","timestamp":"2026-05-27T11:42:01.145Z"}
{"level":"info","message":"← GET /api/content?type=TV_SERIES&limit=60 200 7ms user=- reqId=1c44aded-2457-48eb-ab58-5e0c69264778","timestamp":"2026-05-27T11:42:01.152Z"}
{"level":"info","message":"→ GET /api/content?type=GAME&limit=60 user=- reqId=010e3803-6d95-4115-b5d5-cc4e060d14fe","timestamp":"2026-05-27T11:42:02.321Z"}
{"level":"info","message":"← GET /api/content?type=GAME&limit=60 200 9ms user=- reqId=010e3803-6d95-4115-b5d5-cc4e060d14fe","timestamp":"2026-05-27T11:42:02.330Z"}
{"level":"info","message":"→ GET /api/content?type=GAME&limit=60 user=- reqId=499a7d49-8bec-49bb-998a-e27848d238f6","timestamp":"2026-05-27T11:42:02.585Z"}
{"level":"info","message":"← GET /api/content?type=GAME&limit=60 200 8ms user=- reqId=499a7d49-8bec-49bb-998a-e27848d238f6","timestamp":"2026-05-27T11:42:02.593Z"}
{"level":"info","message":"→ GET /api/critics user=- reqId=d4f2fa88-1cce-4994-bdfb-33373029cc8a","timestamp":"2026-05-27T11:42:06.311Z"}
{"level":"info","message":"← GET /api/critics 200 26ms user=- reqId=d4f2fa88-1cce-4994-bdfb-33373029cc8a","timestamp":"2026-05-27T11:42:06.336Z"}
{"level":"info","message":"→ GET /api/critics user=- reqId=d9f175bb-6448-4e05-ac4e-13fd15c6b0b9","timestamp":"2026-05-27T11:42:06.657Z"}
{"level":"info","message":"← GET /api/critics 200 3ms user=- reqId=d9f175bb-6448-4e05-ac4e-13fd15c6b0b9","timestamp":"2026-05-27T11:42:06.660Z"}
{"level":"info","message":"→ GET /api/content?type=MOVIE&limit=12 user=- reqId=f51614ad-dfae-49b1-8e73-406e0c3f4f39","timestamp":"2026-05-27T11:44:28.491Z"}
{"level":"info","message":"→ GET /api/content?type=GAME&limit=8 user=- reqId=ca514ccd-55e1-4bd6-a3a5-a7e3accacd2e","timestamp":"2026-05-27T11:44:28.546Z"}
{"level":"info","message":"→ GET /api/content?type=TV_SERIES&limit=8 user=- reqId=d605e0d1-d2ba-4ef3-8731-3ab99b01b5e7","timestamp":"2026-05-27T11:44:28.553Z"}
{"level":"info","message":"→ GET /api/content/coming-soon/active user=- reqId=4890645b-97db-44f6-89cd-ad286181aa0d","timestamp":"2026-05-27T11:44:28.560Z"}
{"level":"info","message":"← GET /api/content/coming-soon/active 200 120ms user=- reqId=4890645b-97db-44f6-89cd-ad286181aa0d","timestamp":"2026-05-27T11:44:28.683Z"}
{"level":"info","message":"← GET /api/content?type=MOVIE&limit=12 200 276ms user=- reqId=f51614ad-dfae-49b1-8e73-406e0c3f4f39","timestamp":"2026-05-27T11:44:28.738Z"}
{"level":"info","message":"← GET /api/content?type=TV_SERIES&limit=8 200 197ms user=- reqId=d605e0d1-d2ba-4ef3-8731-3ab99b01b5e7","timestamp":"2026-05-27T11:44:28.749Z"}
{"level":"info","message":"← GET /api/content?type=GAME&limit=8 200 210ms user=- reqId=ca514ccd-55e1-4bd6-a3a5-a7e3accacd2e","timestamp":"2026-05-27T11:44:28.756Z"}
{"level":"info","message":"→ GET /api/content/coming-soon/active user=- reqId=abe03783-f681-4cc0-8445-24d4fdf80496","timestamp":"2026-05-27T11:44:28.761Z"}
{"level":"info","message":"← GET /api/content/coming-soon/active 200 14ms user=- reqId=abe03783-f681-4cc0-8445-24d4fdf80496","timestamp":"2026-05-27T11:44:28.775Z"}
{"level":"info","message":"→ GET /api/content?type=MOVIE&limit=12 user=- reqId=ab5500c7-cd2a-405d-8426-57c41202b8e9","timestamp":"2026-05-27T11:44:29.060Z"}
{"level":"info","message":"→ GET /api/content?type=TV_SERIES&limit=8 user=- reqId=3051c617-d1f2-429b-85ec-b5506bf1d400","timestamp":"2026-05-27T11:44:29.061Z"}
{"level":"info","message":"← GET /api/content?type=TV_SERIES&limit=8 200 4ms user=- reqId=3051c617-d1f2-429b-85ec-b5506bf1d400","timestamp":"2026-05-27T11:44:29.066Z"}
{"level":"info","message":"← GET /api/content?type=MOVIE&limit=12 200 12ms user=- reqId=ab5500c7-cd2a-405d-8426-57c41202b8e9","timestamp":"2026-05-27T11:44:29.071Z"}
{"level":"info","message":"→ GET /api/content?type=GAME&limit=8 user=- reqId=621be715-897e-4c67-af0d-9e6519a977b1","timestamp":"2026-05-27T11:44:29.074Z"}
{"level":"info","message":"← GET /api/content?type=GAME&limit=8 200 6ms user=- reqId=621be715-897e-4c67-af0d-9e6519a977b1","timestamp":"2026-05-27T11:44:29.080Z"}
{"level":"info","message":"→ GET /api/content?type=MOVIE&limit=60 user=- reqId=60051ed6-2de4-4837-939d-c7141af0cf0a","timestamp":"2026-05-27T11:48:20.429Z"}
{"level":"info","message":"← GET /api/content?type=MOVIE&limit=60 200 105ms user=- reqId=60051ed6-2de4-4837-939d-c7141af0cf0a","timestamp":"2026-05-27T11:48:20.526Z"}
{"level":"info","message":"→ GET /api/content?type=MOVIE&limit=60 user=- reqId=4587849e-715d-4143-8fcb-5246f990d4cd","timestamp":"2026-05-27T11:48:20.598Z"}
{"level":"info","message":"← GET /api/content?type=MOVIE&limit=60 200 9ms user=- reqId=4587849e-715d-4143-8fcb-5246f990d4cd","timestamp":"2026-05-27T11:48:20.608Z"}
{"level":"info","message":"→ GET /api/content?type=MOVIE&limit=60 user=- reqId=a9bb163b-11ac-42e7-bf9e-a0bfb7c58c45","timestamp":"2026-05-27T11:51:51.003Z"}
{"level":"info","message":"← GET /api/content?type=MOVIE&limit=60 200 44ms user=- reqId=a9bb163b-11ac-42e7-bf9e-a0bfb7c58c45","timestamp":"2026-05-27T11:51:51.042Z"}
{"level":"info","message":"→ GET /api/content?type=MOVIE&limit=60 user=- reqId=9f15c521-cb77-405d-8e8d-bfd54099f451","timestamp":"2026-05-27T11:51:51.204Z"}
{"level":"info","message":"← GET /api/content?type=MOVIE&limit=60 200 17ms user=- reqId=9f15c521-cb77-405d-8e8d-bfd54099f451","timestamp":"2026-05-27T11:51:51.222Z"}
{"level":"info","message":"→ GET /api/content?type=MOVIE&limit=12 user=- reqId=e6ff1250-b77e-4cd9-a9e1-81417eb464a7","timestamp":"2026-05-27T11:51:56.928Z"}
{"level":"info","message":"← GET /api/content?type=MOVIE&limit=12 200 9ms user=- reqId=e6ff1250-b77e-4cd9-a9e1-81417eb464a7","timestamp":"2026-05-27T11:51:56.937Z"}
{"level":"info","message":"→ GET /api/content?type=GAME&limit=8 user=- reqId=259bb8cd-bbcd-4c4f-8742-4cc23989f03e","timestamp":"2026-05-27T11:51:57.240Z"}
{"level":"info","message":"→ GET /api/content?type=TV_SERIES&limit=8 user=- reqId=676b047a-e5ae-428f-a358-87747d32d902","timestamp":"2026-05-27T11:51:57.243Z"}
{"level":"info","message":"→ GET /api/content/coming-soon/active user=- reqId=134fe9bc-4543-4171-aebc-b9393f15bb23","timestamp":"2026-05-27T11:51:57.249Z"}
{"level":"info","message":"→ GET /api/content?type=MOVIE&limit=12 user=- reqId=67595568-0539-4719-886a-162ccf2710b8","timestamp":"2026-05-27T11:51:57.269Z"}
{"level":"info","message":"← GET /api/content?type=GAME&limit=8 200 38ms user=- reqId=259bb8cd-bbcd-4c4f-8742-4cc23989f03e","timestamp":"2026-05-27T11:51:57.278Z"}
{"level":"info","message":"← GET /api/content/coming-soon/active 200 43ms user=- reqId=134fe9bc-4543-4171-aebc-b9393f15bb23","timestamp":"2026-05-27T11:51:57.292Z"}
{"level":"info","message":"← GET /api/content?type=TV_SERIES&limit=8 200 55ms user=- reqId=676b047a-e5ae-428f-a358-87747d32d902","timestamp":"2026-05-27T11:51:57.296Z"}
{"level":"info","message":"← GET /api/content?type=MOVIE&limit=12 200 36ms user=- reqId=67595568-0539-4719-886a-162ccf2710b8","timestamp":"2026-05-27T11:51:57.306Z"}
{"level":"info","message":"→ GET /api/content?type=GAME&limit=8 user=- reqId=bac73cd7-f009-47ec-9c67-ca75129ce217","timestamp":"2026-05-27T11:51:57.603Z"}
{"level":"info","message":"→ GET /api/content/coming-soon/active user=- reqId=544cb9cd-eea3-4a74-a3d6-46645a43dfe3","timestamp":"2026-05-27T11:51:57.605Z"}
{"level":"info","message":"← GET /api/content?type=GAME&limit=8 200 8ms user=- reqId=bac73cd7-f009-47ec-9c67-ca75129ce217","timestamp":"2026-05-27T11:51:57.611Z"}
{"level":"info","message":"← GET /api/content/coming-soon/active 200 11ms user=- reqId=544cb9cd-eea3-4a74-a3d6-46645a43dfe3","timestamp":"2026-05-27T11:51:57.616Z"}
{"level":"info","message":"→ GET /api/content?type=TV_SERIES&limit=8 user=- reqId=61e452e0-5b44-4c10-a508-f2d64488c052","timestamp":"2026-05-27T11:51:57.619Z"}
{"level":"info","message":"← GET /api/content?type=TV_SERIES&limit=8 200 7ms user=- reqId=61e452e0-5b44-4c10-a508-f2d64488c052","timestamp":"2026-05-27T11:51:57.626Z"}
{"level":"info","message":"→ GET /api/content?type=MOVIE&limit=60 user=- reqId=a1801c9a-d7fc-4343-b527-bbf60a2654aa","timestamp":"2026-05-27T11:52:05.118Z"}
{"level":"info","message":"← GET /api/content?type=MOVIE&limit=60 200 10ms user=- reqId=a1801c9a-d7fc-4343-b527-bbf60a2654aa","timestamp":"2026-05-27T11:52:05.128Z"}
{"level":"info","message":"→ GET /api/content?type=MOVIE&limit=60 user=- reqId=65c20cf0-9d5b-495f-9178-3ff4d1b84a02","timestamp":"2026-05-27T11:52:05.371Z"}
{"level":"info","message":"← GET /api/content?type=MOVIE&limit=60 200 8ms user=- reqId=65c20cf0-9d5b-495f-9178-3ff4d1b84a02","timestamp":"2026-05-27T11:52:05.379Z"}
{"level":"info","message":"→ GET /api/content?type=TV_SERIES&limit=60 user=- reqId=aa5b0ade-dc90-4596-8af5-f987bdfb1cbf","timestamp":"2026-05-27T11:52:06.970Z"}
{"level":"info","message":"← GET /api/content?type=TV_SERIES&limit=60 200 5ms user=- reqId=aa5b0ade-dc90-4596-8af5-f987bdfb1cbf","timestamp":"2026-05-27T11:52:06.976Z"}
{"level":"info","message":"→ GET /api/content?type=TV_SERIES&limit=60 user=- reqId=daaa8281-00a0-40d2-b87b-afac95974327","timestamp":"2026-05-27T11:52:07.296Z"}
{"level":"info","message":"← GET /api/content?type=TV_SERIES&limit=60 200 10ms user=- reqId=daaa8281-00a0-40d2-b87b-afac95974327","timestamp":"2026-05-27T11:52:07.306Z"}
{"level":"info","message":"→ GET /api/content?type=GAME&limit=60 user=- reqId=cc0333ee-413f-4bae-8a44-c0c01d32b0eb","timestamp":"2026-05-27T11:52:10.636Z"}
{"level":"info","message":"← GET /api/content?type=GAME&limit=60 200 4ms user=- reqId=cc0333ee-413f-4bae-8a44-c0c01d32b0eb","timestamp":"2026-05-27T11:52:10.641Z"}
{"level":"info","message":"→ GET /api/content?type=GAME&limit=60 user=- reqId=fca5a68e-4fd6-4168-80d4-c5a92127b42b","timestamp":"2026-05-27T11:52:10.949Z"}
{"level":"info","message":"← GET /api/content?type=GAME&limit=60 200 9ms user=- reqId=fca5a68e-4fd6-4168-80d4-c5a92127b42b","timestamp":"2026-05-27T11:52:10.957Z"}
{"level":"info","message":"→ GET /api/critics user=- reqId=2b58b515-847f-4f94-a869-3c56e871ba88","timestamp":"2026-05-27T11:52:12.927Z"}
{"level":"info","message":"← GET /api/critics 200 58ms user=- reqId=2b58b515-847f-4f94-a869-3c56e871ba88","timestamp":"2026-05-27T11:52:12.985Z"}
{"level":"info","message":"→ GET /api/critics user=- reqId=26229170-2b48-4c1b-ae95-44a1b45643b7","timestamp":"2026-05-27T11:52:13.301Z"}
{"level":"info","message":"← GET /api/critics 200 4ms user=- reqId=26229170-2b48-4c1b-ae95-44a1b45643b7","timestamp":"2026-05-27T11:52:13.304Z"}
{"level":"info","message":"→ GET /api/analytics/world-ratings user=- reqId=bf831b6d-586e-44d6-a7ae-7dd4da39c6e7","timestamp":"2026-05-27T11:52:15.862Z"}
{"level":"info","message":"← GET /api/analytics/world-ratings 200 42ms user=- reqId=bf831b6d-586e-44d6-a7ae-7dd4da39c6e7","timestamp":"2026-05-27T11:52:15.906Z"}
{"level":"info","message":"→ GET /api/analytics/anti-rating user=- reqId=227b67f7-89c9-4378-812e-e74d463f689a","timestamp":"2026-05-27T11:52:16.155Z"}
{"level":"info","message":"→ GET /api/analytics/hype-top user=- reqId=7e18613f-7421-485d-b581-b214f321a27d","timestamp":"2026-05-27T11:52:16.161Z"}
{"level":"info","message":"← GET /api/analytics/anti-rating 200 17ms user=- reqId=227b67f7-89c9-4378-812e-e74d463f689a","timestamp":"2026-05-27T11:52:16.172Z"}
{"level":"info","message":"← GET /api/analytics/hype-top 200 19ms user=- reqId=7e18613f-7421-485d-b581-b214f321a27d","timestamp":"2026-05-27T11:52:16.180Z"}
{"level":"info","message":"→ GET /api/analytics/world-ratings user=- reqId=3f0b86a9-f119-4175-991f-707412fd3643","timestamp":"2026-05-27T11:52:16.235Z"}
{"level":"info","message":"← GET /api/analytics/world-ratings 200 14ms user=- reqId=3f0b86a9-f119-4175-991f-707412fd3643","timestamp":"2026-05-27T11:52:16.250Z"}
{"level":"info","message":"→ GET /api/analytics/anti-rating user=- reqId=f289ef91-15e8-471f-a3aa-d4daed74e231","timestamp":"2026-05-27T11:52:16.481Z"}
{"level":"info","message":"← GET /api/analytics/anti-rating 200 2ms user=- reqId=f289ef91-15e8-471f-a3aa-d4daed74e231","timestamp":"2026-05-27T11:52:16.484Z"}
{"level":"info","message":"→ GET /api/analytics/hype-top user=- reqId=a3550cb7-a686-4497-9ee5-4767b90a84e4","timestamp":"2026-05-27T11:52:16.489Z"}
{"level":"info","message":"← GET /api/analytics/hype-top 200 2ms user=- reqId=a3550cb7-a686-4497-9ee5-4767b90a84e4","timestamp":"2026-05-27T11:52:16.492Z"}
{"level":"info","message":"→ GET /api/content/country-ratings/stats user=- reqId=e3eb2b87-7232-4dc1-b2d9-ec0a48855d7d","timestamp":"2026-05-27T11:52:18.952Z"}
{"level":"info","message":"→ GET /api/content?limit=100 user=- reqId=9e0449ff-ee7f-4b5e-b730-b8a4d27cbe4a","timestamp":"2026-05-27T11:52:18.960Z"}
{"level":"info","message":"← GET /api/content/country-ratings/stats 200 35ms user=- reqId=e3eb2b87-7232-4dc1-b2d9-ec0a48855d7d","timestamp":"2026-05-27T11:52:18.986Z"}
{"level":"info","message":"← GET /api/content?limit=100 200 35ms user=- reqId=9e0449ff-ee7f-4b5e-b730-b8a4d27cbe4a","timestamp":"2026-05-27T11:52:18.994Z"}
{"level":"info","message":"→ GET /api/content/country-ratings/stats user=- reqId=1d2ffa07-3f54-436c-a335-afbd9f6c7a26","timestamp":"2026-05-27T11:52:19.200Z"}
{"level":"info","message":"← GET /api/content/country-ratings/stats 200 3ms user=- reqId=1d2ffa07-3f54-436c-a335-afbd9f6c7a26","timestamp":"2026-05-27T11:52:19.204Z"}
{"level":"info","message":"→ GET /api/content?limit=100 user=- reqId=99bcdafe-c23f-4e63-a593-23c8013c17ec","timestamp":"2026-05-27T11:52:19.297Z"}
{"level":"info","message":"← GET /api/content?limit=100 200 15ms user=- reqId=99bcdafe-c23f-4e63-a593-23c8013c17ec","timestamp":"2026-05-27T11:52:19.312Z"}
{"level":"info","message":"→ GET /api/content?type=MOVIE&limit=12 user=- reqId=e17c7f18-42c6-406c-a5e1-0ced8f52e50b","timestamp":"2026-05-27T11:53:02.799Z"}
{"level":"info","message":"→ GET /api/content?type=TV_SERIES&limit=8 user=- reqId=51f05379-8102-4660-b4e7-a78ea10d138e","timestamp":"2026-05-27T11:53:02.801Z"}
{"level":"info","message":"→ GET /api/content?type=GAME&limit=8 user=- reqId=e207a8dd-5287-4c6a-8c90-fa0f2573e43a","timestamp":"2026-05-27T11:53:02.803Z"}
{"level":"info","message":"→ GET /api/content/coming-soon/active user=- reqId=23ded88a-557e-4d19-870b-998428fae218","timestamp":"2026-05-27T11:53:02.804Z"}
{"level":"info","message":"← GET /api/content/coming-soon/active 200 22ms user=- reqId=23ded88a-557e-4d19-870b-998428fae218","timestamp":"2026-05-27T11:53:02.827Z"}
{"level":"info","message":"← GET /api/content?type=MOVIE&limit=12 200 32ms user=- reqId=e17c7f18-42c6-406c-a5e1-0ced8f52e50b","timestamp":"2026-05-27T11:53:02.830Z"}
{"level":"info","message":"← GET /api/content?type=TV_SERIES&limit=8 200 33ms user=- reqId=51f05379-8102-4660-b4e7-a78ea10d138e","timestamp":"2026-05-27T11:53:02.835Z"}
{"level":"info","message":"← GET /api/content?type=GAME&limit=8 200 38ms user=- reqId=e207a8dd-5287-4c6a-8c90-fa0f2573e43a","timestamp":"2026-05-27T11:53:02.840Z"}
{"level":"info","message":"→ GET /api/content/coming-soon/active user=- reqId=b8399434-3e4b-474e-b657-e75932ca014e","timestamp":"2026-05-27T11:53:03.045Z"}
{"level":"info","message":"← GET /api/content/coming-soon/active 200 4ms user=- reqId=b8399434-3e4b-474e-b657-e75932ca014e","timestamp":"2026-05-27T11:53:03.049Z"}
{"level":"info","message":"→ GET /api/content?type=MOVIE&limit=12 user=- reqId=ca5169ae-80b6-49db-b1af-cb7c5777c486","timestamp":"2026-05-27T11:53:03.149Z"}
{"level":"info","message":"→ GET /api/content?type=TV_SERIES&limit=8 user=- reqId=25602da1-fcca-4e75-860d-3061dc00b93d","timestamp":"2026-05-27T11:53:03.151Z"}
{"level":"info","message":"→ GET /api/content?type=GAME&limit=8 user=- reqId=7dff704e-edbb-4997-a630-7771adada2ad","timestamp":"2026-05-27T11:53:03.153Z"}
{"level":"info","message":"← GET /api/content?type=MOVIE&limit=12 200 9ms user=- reqId=ca5169ae-80b6-49db-b1af-cb7c5777c486","timestamp":"2026-05-27T11:53:03.158Z"}
{"level":"info","message":"← GET /api/content?type=TV_SERIES&limit=8 200 10ms user=- reqId=25602da1-fcca-4e75-860d-3061dc00b93d","timestamp":"2026-05-27T11:53:03.161Z"}
{"level":"info","message":"← GET /api/content?type=GAME&limit=8 200 12ms user=- reqId=7dff704e-edbb-4997-a630-7771adada2ad","timestamp":"2026-05-27T11:53:03.164Z"}
{"level":"info","message":"→ GET /api/content/coming-soon/active user=- reqId=d1c3a4b5-0460-4f77-9873-96f07566e298","timestamp":"2026-05-27T11:53:06.788Z"}
{"level":"info","message":"← GET /api/content/coming-soon/active 200 4ms user=- reqId=d1c3a4b5-0460-4f77-9873-96f07566e298","timestamp":"2026-05-27T11:53:06.793Z"}
{"level":"info","message":"→ GET /api/content/coming-soon/active user=- reqId=c85be679-c899-49a5-ad18-93ba46d425b7","timestamp":"2026-05-27T11:53:07.110Z"}
{"level":"info","message":"← GET /api/content/coming-soon/active 200 4ms user=- reqId=c85be679-c899-49a5-ad18-93ba46d425b7","timestamp":"2026-05-27T11:53:07.114Z"}
{"level":"info","message":"→ GET /api/content?type=TV_SERIES&limit=60 user=- reqId=24ed2e6f-254a-4893-9c8f-cc4f5102cb02","timestamp":"2026-05-27T11:53:09.767Z"}
{"level":"info","message":"← GET /api/content?type=TV_SERIES&limit=60 200 5ms user=- reqId=24ed2e6f-254a-4893-9c8f-cc4f5102cb02","timestamp":"2026-05-27T11:53:09.772Z"}
{"level":"info","message":"→ GET /api/content?type=TV_SERIES&limit=60 user=- reqId=7737adce-0f8a-4164-a32e-34269b7bc79a","timestamp":"2026-05-27T11:53:10.093Z"}
{"level":"info","message":"← GET /api/content?type=TV_SERIES&limit=60 200 6ms user=- reqId=7737adce-0f8a-4164-a32e-34269b7bc79a","timestamp":"2026-05-27T11:53:10.099Z"}
{"level":"info","message":"→ GET /api/content?type=MOVIE&limit=12 user=- reqId=cda4515f-8388-44b5-9b81-71000ecc77fd","timestamp":"2026-05-27T11:53:20.678Z"}
{"level":"info","message":"→ GET /api/content?type=TV_SERIES&limit=8 user=- reqId=efd6677f-f998-4927-bf2d-771b8d56086f","timestamp":"2026-05-27T11:53:20.680Z"}
{"level":"info","message":"← GET /api/content?type=MOVIE&limit=12 200 7ms user=- reqId=cda4515f-8388-44b5-9b81-71000ecc77fd","timestamp":"2026-05-27T11:53:20.685Z"}
{"level":"info","message":"← GET /api/content?type=TV_SERIES&limit=8 200 11ms user=- reqId=efd6677f-f998-4927-bf2d-771b8d56086f","timestamp":"2026-05-27T11:53:20.691Z"}
{"level":"info","message":"→ GET /api/content?type=GAME&limit=8 user=- reqId=3c86a355-6a38-4b51-afc5-7e46b7a9034d","timestamp":"2026-05-27T11:53:20.991Z"}
{"level":"info","message":"→ GET /api/content/coming-soon/active user=- reqId=6115cbb5-fa33-4528-8438-63143ec7c8e9","timestamp":"2026-05-27T11:53:20.993Z"}
{"level":"info","message":"← GET /api/content/coming-soon/active 200 3ms user=- reqId=6115cbb5-fa33-4528-8438-63143ec7c8e9","timestamp":"2026-05-27T11:53:20.996Z"}
{"level":"info","message":"← GET /api/content?type=GAME&limit=8 200 9ms user=- reqId=3c86a355-6a38-4b51-afc5-7e46b7a9034d","timestamp":"2026-05-27T11:53:20.999Z"}
{"level":"info","message":"→ GET /api/content?type=MOVIE&limit=12 user=- reqId=08903653-7900-4e0f-bc95-a4ffd142a8a1","timestamp":"2026-05-27T11:53:21.005Z"}
{"level":"info","message":"→ GET /api/content?type=TV_SERIES&limit=8 user=- reqId=45661a1c-7f6c-4a5c-a43c-3b5aa527ca27","timestamp":"2026-05-27T11:53:21.006Z"}
{"level":"info","message":"← GET /api/content?type=MOVIE&limit=12 200 6ms user=- reqId=08903653-7900-4e0f-bc95-a4ffd142a8a1","timestamp":"2026-05-27T11:53:21.011Z"}
{"level":"info","message":"← GET /api/content?type=TV_SERIES&limit=8 200 9ms user=- reqId=45661a1c-7f6c-4a5c-a43c-3b5aa527ca27","timestamp":"2026-05-27T11:53:21.016Z"}
{"level":"info","message":"→ GET /api/content/coming-soon/active user=- reqId=c561ca16-9adf-4360-b24f-18717c3dd9aa","timestamp":"2026-05-27T11:53:21.310Z"}
{"level":"info","message":"→ GET /api/content?type=GAME&limit=8 user=- reqId=e028e18d-d119-4d6a-957c-90549238b921","timestamp":"2026-05-27T11:53:21.311Z"}
{"level":"info","message":"← GET /api/content/coming-soon/active 200 2ms user=- reqId=c561ca16-9adf-4360-b24f-18717c3dd9aa","timestamp":"2026-05-27T11:53:21.312Z"}
{"level":"info","message":"← GET /api/content?type=GAME&limit=8 200 4ms user=- reqId=e028e18d-d119-4d6a-957c-90549238b921","timestamp":"2026-05-27T11:53:21.315Z"}
{"level":"info","message":"→ GET /api/content?type=MOVIE&limit=60 user=- reqId=2ac2ab04-45b0-441f-b904-93b7ee5b2921","timestamp":"2026-05-27T11:53:32.944Z"}
{"level":"info","message":"← GET /api/content?type=MOVIE&limit=60 200 8ms user=- reqId=2ac2ab04-45b0-441f-b904-93b7ee5b2921","timestamp":"2026-05-27T11:53:32.952Z"}
{"level":"info","message":"→ GET /api/content?type=MOVIE&limit=60 user=- reqId=0f3bea93-0e77-4eb4-ad4a-ea2e30badb6c","timestamp":"2026-05-27T11:56:48.098Z"}
{"level":"info","message":"← GET /api/content?type=MOVIE&limit=60 200 262ms user=- reqId=0f3bea93-0e77-4eb4-ad4a-ea2e30badb6c","timestamp":"2026-05-27T11:56:48.330Z"}
{"level":"info","message":"→ GET /api/content?type=MOVIE&limit=60 user=- reqId=ec8cfb46-20c0-4f32-baaa-6c73368cd06b","timestamp":"2026-05-27T11:56:49.313Z"}
{"level":"info","message":"← GET /api/content?type=MOVIE&limit=60 200 28ms user=- reqId=ec8cfb46-20c0-4f32-baaa-6c73368cd06b","timestamp":"2026-05-27T11:56:49.341Z"}
{"level":"info","message":"→ GET /api/content?type=MOVIE&limit=12 user=- reqId=0ec4e307-0d35-486d-a7f1-a0dd9cfb8487","timestamp":"2026-05-27T11:56:50.263Z"}
{"level":"info","message":"← GET /api/content?type=MOVIE&limit=12 200 7ms user=- reqId=0ec4e307-0d35-486d-a7f1-a0dd9cfb8487","timestamp":"2026-05-27T11:56:50.271Z"}
{"level":"info","message":"→ GET /api/content?type=TV_SERIES&limit=8 user=- reqId=91f7fbb2-6961-45d0-b1a0-61d2f7fb7675","timestamp":"2026-05-27T11:56:50.276Z"}
{"level":"info","message":"→ GET /api/content?type=GAME&limit=8 user=- reqId=fc6c1350-6123-4890-9d7a-6e9159b834d0","timestamp":"2026-05-27T11:56:50.279Z"}
{"level":"info","message":"→ GET /api/content/coming-soon/active user=- reqId=c389b5d1-d6ad-43df-871a-68e8e829c2f8","timestamp":"2026-05-27T11:56:50.285Z"}
{"level":"info","message":"← GET /api/content?type=TV_SERIES&limit=8 200 18ms user=- reqId=91f7fbb2-6961-45d0-b1a0-61d2f7fb7675","timestamp":"2026-05-27T11:56:50.294Z"}
{"level":"info","message":"← GET /api/content?type=GAME&limit=8 200 25ms user=- reqId=fc6c1350-6123-4890-9d7a-6e9159b834d0","timestamp":"2026-05-27T11:56:50.305Z"}
{"level":"info","message":"← GET /api/content/coming-soon/active 200 26ms user=- reqId=c389b5d1-d6ad-43df-871a-68e8e829c2f8","timestamp":"2026-05-27T11:56:50.310Z"}
{"level":"info","message":"→ GET /api/content?type=MOVIE&limit=12 user=- reqId=17864c7d-9861-4761-ac67-0d407e7f9f1b","timestamp":"2026-05-27T11:56:50.747Z"}
{"level":"info","message":"→ GET /api/content?type=TV_SERIES&limit=8 user=- reqId=1b4a9105-5416-485f-aa6f-1494dd071efc","timestamp":"2026-05-27T11:56:50.749Z"}
{"level":"info","message":"→ GET /api/content?type=GAME&limit=8 user=- reqId=f879c189-aeb6-4c58-8424-8a065de46d7a","timestamp":"2026-05-27T11:56:50.751Z"}
{"level":"info","message":"→ GET /api/content/coming-soon/active user=- reqId=1b8e22f6-eb74-4d94-9fee-d4415fb27314","timestamp":"2026-05-27T11:56:50.753Z"}
{"level":"info","message":"← GET /api/content?type=TV_SERIES&limit=8 200 15ms user=- reqId=1b4a9105-5416-485f-aa6f-1494dd071efc","timestamp":"2026-05-27T11:56:50.764Z"}
{"level":"info","message":"← GET /api/content?type=GAME&limit=8 200 17ms user=- reqId=f879c189-aeb6-4c58-8424-8a065de46d7a","timestamp":"2026-05-27T11:56:50.769Z"}
{"level":"info","message":"← GET /api/content/coming-soon/active 200 23ms user=- reqId=1b8e22f6-eb74-4d94-9fee-d4415fb27314","timestamp":"2026-05-27T11:56:50.776Z"}
{"level":"info","message":"← GET /api/content?type=MOVIE&limit=12 200 34ms user=- reqId=17864c7d-9861-4761-ac67-0d407e7f9f1b","timestamp":"2026-05-27T11:56:50.781Z"}
{"level":"info","message":"→ GET /api/content?type=MOVIE&limit=60 user=- reqId=00dcaf7b-c805-44de-adbb-ccb71fcee170","timestamp":"2026-05-27T11:57:35.673Z"}
{"level":"info","message":"← GET /api/content?type=MOVIE&limit=60 200 19ms user=- reqId=00dcaf7b-c805-44de-adbb-ccb71fcee170","timestamp":"2026-05-27T11:57:35.692Z"}
{"level":"info","message":"→ GET /api/content?type=MOVIE&limit=60 user=- reqId=886f4459-87fe-4c4c-96ba-7cc45cbc24ac","timestamp":"2026-05-27T11:57:35.715Z"}
{"level":"info","message":"← GET /api/content?type=MOVIE&limit=60 200 23ms user=- reqId=886f4459-87fe-4c4c-96ba-7cc45cbc24ac","timestamp":"2026-05-27T11:57:35.738Z"}
{"level":"info","message":"→ GET /api/content?type=MOVIE&limit=12 user=- reqId=4769a57b-1c7d-4f2c-aa61-cdbd72702c44","timestamp":"2026-05-27T11:57:36.724Z"}
{"level":"info","message":"← GET /api/content?type=MOVIE&limit=12 200 9ms user=- reqId=4769a57b-1c7d-4f2c-aa61-cdbd72702c44","timestamp":"2026-05-27T11:57:36.735Z"}
{"level":"info","message":"→ GET /api/content?type=TV_SERIES&limit=8 user=- reqId=ed4b36c1-a228-4320-85a8-681c6ff6f9c8","timestamp":"2026-05-27T11:57:36.739Z"}
{"level":"info","message":"→ GET /api/content?type=GAME&limit=8 user=- reqId=94c49442-8265-46ce-a224-cc295c1b413c","timestamp":"2026-05-27T11:57:36.750Z"}
{"level":"info","message":"← GET /api/content?type=TV_SERIES&limit=8 200 13ms user=- reqId=ed4b36c1-a228-4320-85a8-681c6ff6f9c8","timestamp":"2026-05-27T11:57:36.753Z"}
{"level":"info","message":"← GET /api/content?type=GAME&limit=8 200 31ms user=- reqId=94c49442-8265-46ce-a224-cc295c1b413c","timestamp":"2026-05-27T11:57:36.780Z"}
{"level":"info","message":"→ GET /api/content/coming-soon/active user=- reqId=40c050e1-c6ba-45de-819c-29cd0468f036","timestamp":"2026-05-27T11:57:37.058Z"}
{"level":"info","message":"← GET /api/content/coming-soon/active 200 6ms user=- reqId=40c050e1-c6ba-45de-819c-29cd0468f036","timestamp":"2026-05-27T11:57:37.065Z"}
{"level":"info","message":"→ GET /api/content?type=MOVIE&limit=12 user=- reqId=831ba3b1-1410-43b1-bf11-0eb155f18119","timestamp":"2026-05-27T11:57:37.072Z"}
{"level":"info","message":"→ GET /api/content?type=TV_SERIES&limit=8 user=- reqId=474fcca1-ed6c-4a91-914d-ca920cd7051f","timestamp":"2026-05-27T11:57:37.075Z"}
{"level":"info","message":"← GET /api/content?type=MOVIE&limit=12 200 10ms user=- reqId=831ba3b1-1410-43b1-bf11-0eb155f18119","timestamp":"2026-05-27T11:57:37.083Z"}
{"level":"info","message":"→ GET /api/content?type=GAME&limit=8 user=- reqId=fa028948-5ef7-4b42-99b9-c8c92198dc11","timestamp":"2026-05-27T11:57:37.132Z"}
{"level":"info","message":"← GET /api/content?type=TV_SERIES&limit=8 200 77ms user=- reqId=474fcca1-ed6c-4a91-914d-ca920cd7051f","timestamp":"2026-05-27T11:57:37.152Z"}
{"level":"info","message":"← GET /api/content?type=GAME&limit=8 200 26ms user=- reqId=fa028948-5ef7-4b42-99b9-c8c92198dc11","timestamp":"2026-05-27T11:57:37.158Z"}
{"level":"info","message":"→ GET /api/content/coming-soon/active user=- reqId=ea6569db-8947-46ac-a373-abd6dc31c2ed","timestamp":"2026-05-27T11:57:37.378Z"}
{"level":"info","message":"← GET /api/content/coming-soon/active 200 48ms user=- reqId=ea6569db-8947-46ac-a373-abd6dc31c2ed","timestamp":"2026-05-27T11:57:37.426Z"}
{"level":"info","message":"→ GET /api/content?type=MOVIE&limit=60 user=- reqId=cae10800-c21f-46e9-8763-b36dd891956e","timestamp":"2026-05-27T11:58:38.126Z"}
{"level":"info","message":"← GET /api/content?type=MOVIE&limit=60 200 27ms user=- reqId=cae10800-c21f-46e9-8763-b36dd891956e","timestamp":"2026-05-27T11:58:38.154Z"}
{"level":"info","message":"→ GET /api/content?type=MOVIE&limit=60 user=- reqId=86cf9914-c257-4ea3-bf7f-5278bb42635f","timestamp":"2026-05-27T11:58:38.173Z"}
{"level":"info","message":"← GET /api/content?type=MOVIE&limit=60 200 13ms user=- reqId=86cf9914-c257-4ea3-bf7f-5278bb42635f","timestamp":"2026-05-27T11:58:38.187Z"}
{"level":"info","message":"→ GET /api/content?type=MOVIE&limit=12 user=- reqId=3629be73-8575-4dac-a7c1-20b9807ef1a8","timestamp":"2026-05-27T11:58:38.868Z"}
{"level":"info","message":"← GET /api/content?type=MOVIE&limit=12 200 13ms user=- reqId=3629be73-8575-4dac-a7c1-20b9807ef1a8","timestamp":"2026-05-27T11:58:38.881Z"}
{"level":"info","message":"→ GET /api/content?type=TV_SERIES&limit=8 user=- reqId=12f5ae29-8edc-4160-8bd6-a72fbe794d2c","timestamp":"2026-05-27T11:58:38.893Z"}
{"level":"info","message":"→ GET /api/content?type=GAME&limit=8 user=- reqId=1394e51f-9548-4733-82c8-1ded610088a1","timestamp":"2026-05-27T11:58:38.895Z"}
{"level":"info","message":"← GET /api/content?type=TV_SERIES&limit=8 200 7ms user=- reqId=12f5ae29-8edc-4160-8bd6-a72fbe794d2c","timestamp":"2026-05-27T11:58:38.900Z"}
{"level":"info","message":"← GET /api/content?type=GAME&limit=8 200 13ms user=- reqId=1394e51f-9548-4733-82c8-1ded610088a1","timestamp":"2026-05-27T11:58:38.909Z"}
{"level":"info","message":"→ GET /api/content/coming-soon/active user=- reqId=461a3f06-99c5-4885-bce6-ad77a44627e3","timestamp":"2026-05-27T11:58:38.912Z"}
{"level":"info","message":"→ GET /api/content?type=MOVIE&limit=12 user=- reqId=22bf2a40-c09c-4a6d-bda5-cfad46ebc936","timestamp":"2026-05-27T11:58:38.915Z"}
{"level":"info","message":"← GET /api/content/coming-soon/active 200 5ms user=- reqId=461a3f06-99c5-4885-bce6-ad77a44627e3","timestamp":"2026-05-27T11:58:38.919Z"}
{"level":"info","message":"← GET /api/content?type=MOVIE&limit=12 200 14ms user=- reqId=22bf2a40-c09c-4a6d-bda5-cfad46ebc936","timestamp":"2026-05-27T11:58:38.929Z"}
{"level":"info","message":"→ GET /api/content?type=TV_SERIES&limit=8 user=- reqId=8c4dd6ee-b63c-460c-9cfc-0aca871c478c","timestamp":"2026-05-27T11:58:38.934Z"}
{"level":"info","message":"← GET /api/content?type=TV_SERIES&limit=8 200 12ms user=- reqId=8c4dd6ee-b63c-460c-9cfc-0aca871c478c","timestamp":"2026-05-27T11:58:38.946Z"}
{"level":"info","message":"→ GET /api/content?type=GAME&limit=8 user=- reqId=b8d8772e-a72b-48f8-9a4c-5b3dabe6df12","timestamp":"2026-05-27T11:58:39.247Z"}
{"level":"info","message":"← GET /api/content?type=GAME&limit=8 200 5ms user=- reqId=b8d8772e-a72b-48f8-9a4c-5b3dabe6df12","timestamp":"2026-05-27T11:58:39.253Z"}
{"level":"info","message":"→ GET /api/content/coming-soon/active user=- reqId=7ef79d98-6fcf-490e-9577-9bec11eba843","timestamp":"2026-05-27T11:58:39.280Z"}
{"level":"info","message":"← GET /api/content/coming-soon/active 200 6ms user=- reqId=7ef79d98-6fcf-490e-9577-9bec11eba843","timestamp":"2026-05-27T11:58:39.286Z"}
{"level":"info","message":"→ GET /api/content?type=TV_SERIES&limit=60 user=- reqId=7b7758be-ba84-4fe2-b100-e5dcab3789f6","timestamp":"2026-05-27T11:58:41.996Z"}
{"level":"info","message":"← GET /api/content?type=TV_SERIES&limit=60 200 6ms user=- reqId=7b7758be-ba84-4fe2-b100-e5dcab3789f6","timestamp":"2026-05-27T11:58:42.003Z"}
{"level":"info","message":"→ GET /api/content?type=TV_SERIES&limit=60 user=- reqId=41b7e940-be16-4df9-9d60-3fc008995f12","timestamp":"2026-05-27T11:58:42.015Z"}
{"level":"info","message":"← GET /api/content?type=TV_SERIES&limit=60 200 7ms user=- reqId=41b7e940-be16-4df9-9d60-3fc008995f12","timestamp":"2026-05-27T11:58:42.023Z"}
{"level":"info","message":"→ GET /api/critics user=- reqId=4407665a-b07b-4188-a649-6f19b621fe0b","timestamp":"2026-05-27T11:58:45.696Z"}
{"level":"info","message":"← GET /api/critics 200 16ms user=- reqId=4407665a-b07b-4188-a649-6f19b621fe0b","timestamp":"2026-05-27T11:58:45.710Z"}
{"level":"info","message":"→ GET /api/critics user=- reqId=6345b971-6ecf-468e-b758-d064c6ac4988","timestamp":"2026-05-27T11:58:45.941Z"}
{"level":"info","message":"← GET /api/critics 200 2ms user=- reqId=6345b971-6ecf-468e-b758-d064c6ac4988","timestamp":"2026-05-27T11:58:45.943Z"}
{"level":"info","message":"→ GET /api/analytics/world-ratings user=- reqId=317c1f3e-909a-45f1-9f76-87b88312ed4d","timestamp":"2026-05-27T11:58:49.924Z"}
{"level":"info","message":"→ GET /api/analytics/anti-rating user=- reqId=85a220a5-bd68-4b00-8c39-dcc0bb246c82","timestamp":"2026-05-27T11:58:49.925Z"}
{"level":"info","message":"→ GET /api/analytics/hype-top user=- reqId=e87b9496-4ffa-40b3-9b39-d7e85132385d","timestamp":"2026-05-27T11:58:49.927Z"}
{"level":"info","message":"← GET /api/analytics/world-ratings 200 4ms user=- reqId=317c1f3e-909a-45f1-9f76-87b88312ed4d","timestamp":"2026-05-27T11:58:49.928Z"}
{"level":"info","message":"← GET /api/analytics/anti-rating 200 8ms user=- reqId=85a220a5-bd68-4b00-8c39-dcc0bb246c82","timestamp":"2026-05-27T11:58:49.933Z"}
{"level":"info","message":"← GET /api/analytics/hype-top 200 8ms user=- reqId=e87b9496-4ffa-40b3-9b39-d7e85132385d","timestamp":"2026-05-27T11:58:49.935Z"}
{"level":"info","message":"→ GET /api/analytics/world-ratings user=- reqId=3939d55b-75fd-4e1a-9fa7-47ed3d58eb73","timestamp":"2026-05-27T11:58:50.176Z"}
{"level":"info","message":"← GET /api/analytics/world-ratings 200 3ms user=- reqId=3939d55b-75fd-4e1a-9fa7-47ed3d58eb73","timestamp":"2026-05-27T11:58:50.179Z"}
{"level":"info","message":"→ GET /api/analytics/anti-rating user=- reqId=81a096e6-8bbb-417e-a4fc-a97ceca6d4eb","timestamp":"2026-05-27T11:58:50.243Z"}
{"level":"info","message":"→ GET /api/analytics/hype-top user=- reqId=cd8e903f-d6ed-4877-9c6b-21bcf2f8e3a1","timestamp":"2026-05-27T11:58:50.244Z"}
{"level":"info","message":"← GET /api/analytics/anti-rating 200 3ms user=- reqId=81a096e6-8bbb-417e-a4fc-a97ceca6d4eb","timestamp":"2026-05-27T11:58:50.245Z"}
{"level":"info","message":"← GET /api/analytics/hype-top 200 2ms user=- reqId=cd8e903f-d6ed-4877-9c6b-21bcf2f8e3a1","timestamp":"2026-05-27T11:58:50.246Z"}
{"level":"info","message":"→ GET /api/content/country-ratings/stats user=- reqId=ab44d4c8-2c36-426b-b283-1d1c6e869ac1","timestamp":"2026-05-27T11:58:52.024Z"}
{"level":"info","message":"← GET /api/content/country-ratings/stats 200 11ms user=- reqId=ab44d4c8-2c36-426b-b283-1d1c6e869ac1","timestamp":"2026-05-27T11:58:52.035Z"}
{"level":"info","message":"→ GET /api/content?limit=100 user=- reqId=bafe34c1-3ebf-447b-bad0-1871c35dc269","timestamp":"2026-05-27T11:58:52.340Z"}
{"level":"info","message":"← GET /api/content?limit=100 200 9ms user=- reqId=bafe34c1-3ebf-447b-bad0-1871c35dc269","timestamp":"2026-05-27T11:58:52.348Z"}
{"level":"info","message":"→ GET /api/content/country-ratings/stats user=- reqId=c9df3d6b-4157-4709-9999-51293d171492","timestamp":"2026-05-27T11:58:52.357Z"}
{"level":"info","message":"← GET /api/content/country-ratings/stats 200 3ms user=- reqId=c9df3d6b-4157-4709-9999-51293d171492","timestamp":"2026-05-27T11:58:52.360Z"}
{"level":"info","message":"→ GET /api/content?limit=100 user=- reqId=0223a7f2-6879-40d1-859c-94279299e8f6","timestamp":"2026-05-27T11:58:52.659Z"}
{"level":"info","message":"← GET /api/content?limit=100 200 6ms user=- reqId=0223a7f2-6879-40d1-859c-94279299e8f6","timestamp":"2026-05-27T11:58:52.664Z"}
{"level":"info","message":"→ GET /api/content?type=MOVIE&limit=12 user=- reqId=a6ca9846-f429-42f8-a8b6-38313becba9c","timestamp":"2026-05-27T12:00:13.336Z"}
{"level":"info","message":"← GET /api/content?type=MOVIE&limit=12 200 8ms user=- reqId=a6ca9846-f429-42f8-a8b6-38313becba9c","timestamp":"2026-05-27T12:00:13.344Z"}
{"level":"info","message":"→ GET /api/content?type=TV_SERIES&limit=8 user=- reqId=60829d98-7a51-4774-b8cb-051f5048cd2a","timestamp":"2026-05-27T12:00:13.349Z"}
{"level":"info","message":"→ GET /api/content?type=GAME&limit=8 user=- reqId=2e121db4-4e23-4584-ae15-594aee38fc63","timestamp":"2026-05-27T12:00:13.358Z"}
{"level":"info","message":"← GET /api/content?type=TV_SERIES&limit=8 200 13ms user=- reqId=60829d98-7a51-4774-b8cb-051f5048cd2a","timestamp":"2026-05-27T12:00:13.368Z"}
{"level":"info","message":"→ GET /api/content/coming-soon/active user=- reqId=2912d86a-2513-4f53-aa6f-0c2dd6d4edea","timestamp":"2026-05-27T12:00:13.374Z"}
{"level":"info","message":"← GET /api/content?type=GAME&limit=8 200 19ms user=- reqId=2e121db4-4e23-4584-ae15-594aee38fc63","timestamp":"2026-05-27T12:00:13.376Z"}
{"level":"info","message":"← GET /api/content/coming-soon/active 200 5ms user=- reqId=2912d86a-2513-4f53-aa6f-0c2dd6d4edea","timestamp":"2026-05-27T12:00:13.379Z"}
{"level":"info","message":"→ GET /api/content?type=MOVIE&limit=12 user=- reqId=964098d2-47e1-4aa7-abda-68866d28e51c","timestamp":"2026-05-27T12:00:13.540Z"}
{"level":"info","message":"← GET /api/content?type=MOVIE&limit=12 200 8ms user=- reqId=964098d2-47e1-4aa7-abda-68866d28e51c","timestamp":"2026-05-27T12:00:13.547Z"}
{"level":"info","message":"→ GET /api/content?type=TV_SERIES&limit=8 user=- reqId=e2ec76cc-ad63-4c76-8708-b6724fb1c7e5","timestamp":"2026-05-27T12:00:13.598Z"}
{"level":"info","message":"← GET /api/content?type=TV_SERIES&limit=8 200 7ms user=- reqId=e2ec76cc-ad63-4c76-8708-b6724fb1c7e5","timestamp":"2026-05-27T12:00:13.604Z"}
{"level":"info","message":"→ GET /api/content?type=GAME&limit=8 user=- reqId=67026f99-b1dd-4d3d-a32f-8cfc0b31c7fd","timestamp":"2026-05-27T12:00:13.904Z"}
{"level":"info","message":"→ GET /api/content/coming-soon/active user=- reqId=a8f22613-505c-4ea5-8bd3-ee76014e592a","timestamp":"2026-05-27T12:00:13.905Z"}
{"level":"info","message":"← GET /api/content?type=GAME&limit=8 200 6ms user=- reqId=67026f99-b1dd-4d3d-a32f-8cfc0b31c7fd","timestamp":"2026-05-27T12:00:13.909Z"}
{"level":"info","message":"← GET /api/content/coming-soon/active 200 7ms user=- reqId=a8f22613-505c-4ea5-8bd3-ee76014e592a","timestamp":"2026-05-27T12:00:13.913Z"}
{"level":"info","message":"→ GET /api/content?type=MOVIE&limit=60 user=- reqId=8ba98ca2-7b3b-4f4f-9d15-c15e67b51c38","timestamp":"2026-05-27T12:00:15.441Z"}
{"level":"info","message":"← GET /api/content?type=MOVIE&limit=60 200 8ms user=- reqId=8ba98ca2-7b3b-4f4f-9d15-c15e67b51c38","timestamp":"2026-05-27T12:00:15.450Z"}
{"level":"info","message":"→ GET /api/content?type=MOVIE&limit=60 user=- reqId=16c47aaa-efbf-4b88-9d8c-25423241edd8","timestamp":"2026-05-27T12:00:15.456Z"}
{"level":"info","message":"← GET /api/content?type=MOVIE&limit=60 200 9ms user=- reqId=16c47aaa-efbf-4b88-9d8c-25423241edd8","timestamp":"2026-05-27T12:00:15.466Z"}
{"level":"info","message":"→ GET /api/content?type=MOVIE&limit=60 user=- reqId=0061afaa-926a-42cf-bbe9-ee9970701743","timestamp":"2026-05-27T12:03:11.329Z"}
{"level":"info","message":"← GET /api/content?type=MOVIE&limit=60 200 10ms user=- reqId=0061afaa-926a-42cf-bbe9-ee9970701743","timestamp":"2026-05-27T12:03:11.339Z"}
{"level":"info","message":"→ GET /api/content?type=MOVIE&limit=60 user=- reqId=4c04da7e-ff42-49c2-b881-9dda393b931c","timestamp":"2026-05-27T12:05:01.745Z"}
{"level":"info","message":"← GET /api/content?type=MOVIE&limit=60 200 25ms user=- reqId=4c04da7e-ff42-49c2-b881-9dda393b931c","timestamp":"2026-05-27T12:05:01.770Z"}
{"level":"info","message":"→ GET /api/content?type=MOVIE&limit=60 user=- reqId=d0020b7e-c269-4ea7-be88-4660b3cde15c","timestamp":"2026-05-27T12:05:02.107Z"}
{"level":"info","message":"← GET /api/content?type=MOVIE&limit=60 200 17ms user=- reqId=d0020b7e-c269-4ea7-be88-4660b3cde15c","timestamp":"2026-05-27T12:05:02.124Z"}
{"level":"info","message":"→ GET /api/content?type=TV_SERIES&limit=60 user=- reqId=47510892-7d71-46b5-8c1c-c629dd24ab2b","timestamp":"2026-05-27T12:05:08.146Z"}
{"level":"info","message":"← GET /api/content?type=TV_SERIES&limit=60 200 388ms user=- reqId=47510892-7d71-46b5-8c1c-c629dd24ab2b","timestamp":"2026-05-27T12:05:08.534Z"}
{"level":"info","message":"→ GET /api/content?type=TV_SERIES&limit=60 user=- reqId=caa2a287-c833-4648-85b1-95ded6a7e62b","timestamp":"2026-05-27T12:05:08.850Z"}
{"level":"info","message":"← GET /api/content?type=TV_SERIES&limit=60 200 8ms user=- reqId=caa2a287-c833-4648-85b1-95ded6a7e62b","timestamp":"2026-05-27T12:05:08.855Z"}
{"level":"info","message":"→ GET /api/content?type=GAME&limit=60 user=- reqId=733cdcd6-bdff-46c5-992d-d4ce63fed302","timestamp":"2026-05-27T12:05:10.263Z"}
{"level":"info","message":"← GET /api/content?type=GAME&limit=60 200 5ms user=- reqId=733cdcd6-bdff-46c5-992d-d4ce63fed302","timestamp":"2026-05-27T12:05:10.268Z"}
{"level":"info","message":"→ GET /api/content?type=GAME&limit=60 user=- reqId=cbe17d3c-5e23-43d4-b098-1ca077591c93","timestamp":"2026-05-27T12:05:10.574Z"}
{"level":"info","message":"← GET /api/content?type=GAME&limit=60 200 4ms user=- reqId=cbe17d3c-5e23-43d4-b098-1ca077591c93","timestamp":"2026-05-27T12:05:10.578Z"}
{"level":"info","message":"→ GET /api/critics user=- reqId=49c8bfaf-7d9e-43e8-ab67-984fcd04a1be","timestamp":"2026-05-27T12:05:12.108Z"}
{"level":"info","message":"← GET /api/critics 200 6ms user=- reqId=49c8bfaf-7d9e-43e8-ab67-984fcd04a1be","timestamp":"2026-05-27T12:05:12.113Z"}
{"level":"info","message":"→ GET /api/critics user=- reqId=3d1d9142-8ebf-482e-8563-77b25afe8c46","timestamp":"2026-05-27T12:05:12.432Z"}
{"level":"info","message":"← GET /api/critics 200 3ms user=- reqId=3d1d9142-8ebf-482e-8563-77b25afe8c46","timestamp":"2026-05-27T12:05:12.435Z"}
{"level":"info","message":"→ GET /api/analytics/world-ratings user=- reqId=8bd113fd-c96b-479d-ae5e-8ddd71fc87e7","timestamp":"2026-05-27T12:05:13.230Z"}
{"level":"info","message":"← GET /api/analytics/world-ratings 200 3ms user=- reqId=8bd113fd-c96b-479d-ae5e-8ddd71fc87e7","timestamp":"2026-05-27T12:05:13.233Z"}
{"level":"info","message":"→ GET /api/analytics/anti-rating user=- reqId=743d3faf-4150-4412-a70c-de4c3e1fdd3d","timestamp":"2026-05-27T12:05:13.556Z"}
{"level":"info","message":"→ GET /api/analytics/hype-top user=- reqId=1e3e12ef-94ce-4d16-8fb2-0f12fd1eb858","timestamp":"2026-05-27T12:05:13.561Z"}
{"level":"info","message":"← GET /api/analytics/anti-rating 200 38ms user=- reqId=743d3faf-4150-4412-a70c-de4c3e1fdd3d","timestamp":"2026-05-27T12:05:13.578Z"}
{"level":"info","message":"→ GET /api/analytics/world-ratings user=- reqId=2709fa80-b4c4-4988-86ce-27670023f844","timestamp":"2026-05-27T12:05:13.580Z"}
{"level":"info","message":"← GET /api/analytics/hype-top 200 23ms user=- reqId=1e3e12ef-94ce-4d16-8fb2-0f12fd1eb858","timestamp":"2026-05-27T12:05:13.584Z"}
{"level":"info","message":"← GET /api/analytics/world-ratings 200 7ms user=- reqId=2709fa80-b4c4-4988-86ce-27670023f844","timestamp":"2026-05-27T12:05:13.588Z"}
{"level":"info","message":"→ GET /api/analytics/anti-rating user=- reqId=bad340d1-9c9a-4203-8cd2-68e232bf63fe","timestamp":"2026-05-27T12:05:13.884Z"}
{"level":"info","message":"← GET /api/analytics/anti-rating 200 1ms user=- reqId=bad340d1-9c9a-4203-8cd2-68e232bf63fe","timestamp":"2026-05-27T12:05:13.886Z"}
{"level":"info","message":"→ GET /api/analytics/hype-top user=- reqId=e33ea8c2-f073-4541-9fe7-ba7b3d805e5b","timestamp":"2026-05-27T12:05:13.898Z"}
{"level":"info","message":"← GET /api/analytics/hype-top 200 2ms user=- reqId=e33ea8c2-f073-4541-9fe7-ba7b3d805e5b","timestamp":"2026-05-27T12:05:13.899Z"}
{"level":"info","message":"→ GET /api/content/country-ratings/stats user=- reqId=b9a55fe3-6c66-4cf0-a24a-542c9116ade4","timestamp":"2026-05-27T12:05:14.502Z"}
{"level":"info","message":"→ GET /api/content?limit=100 user=- reqId=0dc4ec19-935b-4619-942b-dc4dba7aeee3","timestamp":"2026-05-27T12:05:14.503Z"}
{"level":"info","message":"← GET /api/content/country-ratings/stats 200 6ms user=- reqId=b9a55fe3-6c66-4cf0-a24a-542c9116ade4","timestamp":"2026-05-27T12:05:14.508Z"}
{"level":"info","message":"← GET /api/content?limit=100 200 10ms user=- reqId=0dc4ec19-935b-4619-942b-dc4dba7aeee3","timestamp":"2026-05-27T12:05:14.514Z"}
{"level":"info","message":"→ GET /api/content/country-ratings/stats user=- reqId=b5f574e0-bb6d-4ecd-9fa0-bc53f3ef5a19","timestamp":"2026-05-27T12:05:14.764Z"}
{"level":"info","message":"← GET /api/content/country-ratings/stats 200 6ms user=- reqId=b5f574e0-bb6d-4ecd-9fa0-bc53f3ef5a19","timestamp":"2026-05-27T12:05:14.771Z"}
{"level":"info","message":"→ GET /api/content?limit=100 user=- reqId=fa4ae6af-f0f9-40de-83f1-bdcc50041e47","timestamp":"2026-05-27T12:05:14.825Z"}
{"level":"info","message":"← GET /api/content?limit=100 200 21ms user=- reqId=fa4ae6af-f0f9-40de-83f1-bdcc50041e47","timestamp":"2026-05-27T12:05:14.845Z"}
{"level":"info","message":"→ GET /api/content?limit=100 user=- reqId=a686a6c3-7494-48e9-8874-04e8d8f06a53","timestamp":"2026-05-27T12:05:16.043Z"}
{"level":"info","message":"← GET /api/content?limit=100 200 11ms user=- reqId=a686a6c3-7494-48e9-8874-04e8d8f06a53","timestamp":"2026-05-27T12:05:16.053Z"}
{"level":"info","message":"→ GET /api/content?limit=100 user=- reqId=211198ed-56dd-48e0-9eed-d1f993d87ddf","timestamp":"2026-05-27T12:05:16.382Z"}
{"level":"info","message":"← GET /api/content?limit=100 200 6ms user=- reqId=211198ed-56dd-48e0-9eed-d1f993d87ddf","timestamp":"2026-05-27T12:05:16.388Z"}
{"level":"info","message":"→ GET /api/content/coming-soon/active user=- reqId=8578d43d-1d95-4e8a-a2d8-ee4c64ecd35e","timestamp":"2026-05-27T12:05:16.725Z"}
{"level":"info","message":"← GET /api/content/coming-soon/active 200 3ms user=- reqId=8578d43d-1d95-4e8a-a2d8-ee4c64ecd35e","timestamp":"2026-05-27T12:05:16.729Z"}
{"level":"info","message":"→ GET /api/content/coming-soon/active user=- reqId=3868f26f-ac9e-4281-97bc-399bc564d244","timestamp":"2026-05-27T12:05:17.041Z"}
{"level":"info","message":"← GET /api/content/coming-soon/active 200 3ms user=- reqId=3868f26f-ac9e-4281-97bc-399bc564d244","timestamp":"2026-05-27T12:05:17.043Z"}
{"level":"info","message":"→ GET /api/content?limit=100 user=- reqId=2996a299-413a-45cf-bbb1-9c5e01d725f2","timestamp":"2026-05-27T12:05:17.563Z"}
{"level":"info","message":"← GET /api/content?limit=100 200 6ms user=- reqId=2996a299-413a-45cf-bbb1-9c5e01d725f2","timestamp":"2026-05-27T12:05:17.569Z"}
{"level":"info","message":"→ GET /api/content?limit=100 user=- reqId=878fe55f-4b9f-45b7-9816-e7fefcd6c559","timestamp":"2026-05-27T12:05:17.889Z"}
{"level":"info","message":"← GET /api/content?limit=100 200 5ms user=- reqId=878fe55f-4b9f-45b7-9816-e7fefcd6c559","timestamp":"2026-05-27T12:05:17.895Z"}
{"level":"info","message":"→ GET /api/content?limit=100 user=- reqId=7c9f2536-e66b-4dfa-93be-44611ff1d119","timestamp":"2026-05-27T12:05:22.035Z"}
{"level":"info","message":"← GET /api/content?limit=100 200 9ms user=- reqId=7c9f2536-e66b-4dfa-93be-44611ff1d119","timestamp":"2026-05-27T12:05:22.044Z"}
{"level":"info","message":"→ GET /api/content?limit=100 user=- reqId=a87a46ed-76d8-4a0d-9c76-5944f31cddfa","timestamp":"2026-05-27T12:05:22.054Z"}
{"level":"info","message":"← GET /api/content?limit=100 200 7ms user=- reqId=a87a46ed-76d8-4a0d-9c76-5944f31cddfa","timestamp":"2026-05-27T12:05:22.060Z"}
{"level":"info","message":"→ GET /api/content/coming-soon/active user=- reqId=90670097-87bf-4e9d-92ea-e1884263dbb8","timestamp":"2026-05-27T12:05:24.057Z"}
{"level":"info","message":"← GET /api/content/coming-soon/active 200 2ms user=- reqId=90670097-87bf-4e9d-92ea-e1884263dbb8","timestamp":"2026-05-27T12:05:24.059Z"}
{"level":"info","message":"→ GET /api/content/coming-soon/active user=- reqId=a794b560-994a-4f9f-9de5-7ebb0dce157c","timestamp":"2026-05-27T12:05:24.062Z"}
{"level":"info","message":"← GET /api/content/coming-soon/active 200 5ms user=- reqId=a794b560-994a-4f9f-9de5-7ebb0dce157c","timestamp":"2026-05-27T12:05:24.068Z"}
{"level":"info","message":"→ GET /api/content?type=MOVIE&limit=12 user=- reqId=ae205be0-9bfc-401a-800d-6024e2b63419","timestamp":"2026-05-27T12:05:26.655Z"}
{"level":"info","message":"→ GET /api/content?type=TV_SERIES&limit=8 user=- reqId=f6f1cd89-c113-41cb-87af-2e9bf2b0d0c3","timestamp":"2026-05-27T12:05:26.657Z"}
{"level":"info","message":"← GET /api/content?type=TV_SERIES&limit=8 200 4ms user=- reqId=f6f1cd89-c113-41cb-87af-2e9bf2b0d0c3","timestamp":"2026-05-27T12:05:26.661Z"}
{"level":"info","message":"← GET /api/content?type=MOVIE&limit=12 200 7ms user=- reqId=ae205be0-9bfc-401a-800d-6024e2b63419","timestamp":"2026-05-27T12:05:26.663Z"}
{"level":"info","message":"→ GET /api/content?type=GAME&limit=8 user=- reqId=5901b0ac-4ede-4cf7-be5b-28be2361e00c","timestamp":"2026-05-27T12:05:26.962Z"}
{"level":"info","message":"→ GET /api/content/coming-soon/active user=- reqId=e99a2136-7c3a-40a5-9175-69b5a162dda3","timestamp":"2026-05-27T12:05:26.964Z"}
{"level":"info","message":"← GET /api/content/coming-soon/active 200 4ms user=- reqId=e99a2136-7c3a-40a5-9175-69b5a162dda3","timestamp":"2026-05-27T12:05:26.969Z"}
{"level":"info","message":"← GET /api/content?type=GAME&limit=8 200 9ms user=- reqId=5901b0ac-4ede-4cf7-be5b-28be2361e00c","timestamp":"2026-05-27T12:05:26.971Z"}
{"level":"info","message":"→ GET /api/content?type=TV_SERIES&limit=8 user=- reqId=4fd30d66-24e1-49bc-b0f4-81c80ab3c7ba","timestamp":"2026-05-27T12:05:26.976Z"}
{"level":"info","message":"→ GET /api/content?type=MOVIE&limit=12 user=- reqId=87f742bb-613d-4e5f-a040-96c2784e2d19","timestamp":"2026-05-27T12:05:26.978Z"}
{"level":"info","message":"← GET /api/content?type=TV_SERIES&limit=8 200 8ms user=- reqId=4fd30d66-24e1-49bc-b0f4-81c80ab3c7ba","timestamp":"2026-05-27T12:05:26.984Z"}
{"level":"info","message":"← GET /api/content?type=MOVIE&limit=12 200 9ms user=- reqId=87f742bb-613d-4e5f-a040-96c2784e2d19","timestamp":"2026-05-27T12:05:26.987Z"}
{"level":"info","message":"→ GET /api/content/coming-soon/active user=- reqId=6b18fabe-39ca-4e7c-99a3-bb5934920b3f","timestamp":"2026-05-27T12:05:27.287Z"}
{"level":"info","message":"→ GET /api/content?type=GAME&limit=8 user=- reqId=807c3aa2-5941-4865-9a37-45587f8c5557","timestamp":"2026-05-27T12:05:27.288Z"}
{"level":"info","message":"← GET /api/content/coming-soon/active 200 3ms user=- reqId=6b18fabe-39ca-4e7c-99a3-bb5934920b3f","timestamp":"2026-05-27T12:05:27.290Z"}
{"level":"info","message":"← GET /api/content?type=GAME&limit=8 200 5ms user=- reqId=807c3aa2-5941-4865-9a37-45587f8c5557","timestamp":"2026-05-27T12:05:27.293Z"}
{"level":"info","message":"→ POST /api/auth/login user=- reqId=ef771e5a-9d1f-49eb-bfa9-976192426bc0","timestamp":"2026-05-27T12:05:52.840Z"}
{"level":"info","message":"← POST /api/auth/login 200 115ms user=- reqId=ef771e5a-9d1f-49eb-bfa9-976192426bc0","timestamp":"2026-05-27T12:05:52.955Z"}
{"level":"error","message":"× GET /api/recommendations 401 user=- reqId=ad75a1fa-91d7-4288-ab77-727d53278cb7 msg={\"message\":\"Unauthorized\",\"statusCode\":401}","timestamp":"2026-05-27T12:05:53.322Z"}
{"level":"info","message":"→ GET /api/content?type=MOVIE&limit=12 user=- reqId=129b1105-48da-4760-b439-ffce6ccb6eff","timestamp":"2026-05-27T12:05:53.325Z"}
{"level":"info","message":"→ GET /api/content?type=TV_SERIES&limit=8 user=- reqId=31f23b34-5b46-4738-8c6d-84c15388c1e4","timestamp":"2026-05-27T12:05:53.328Z"}
{"level":"info","message":"← GET /api/content?type=MOVIE&limit=12 200 14ms user=- reqId=129b1105-48da-4760-b439-ffce6ccb6eff","timestamp":"2026-05-27T12:05:53.339Z"}
{"level":"info","message":"→ GET /api/content?type=GAME&limit=8 user=- reqId=23e946f4-768a-4050-91b9-98ba00b0505c","timestamp":"2026-05-27T12:05:53.345Z"}
{"level":"info","message":"→ GET /api/content/coming-soon/active user=- reqId=4e88944e-21d3-4eef-b0f5-b7e52e2d4dd9","timestamp":"2026-05-27T12:05:53.347Z"}
{"level":"error","message":"× GET /api/users/me/achievements 401 user=- reqId=4f986608-7467-4bca-814a-42075508a9f1 msg={\"message\":\"Unauthorized\",\"statusCode\":401}","timestamp":"2026-05-27T12:05:53.350Z"}
{"level":"info","message":"← GET /api/content?type=TV_SERIES&limit=8 200 25ms user=- reqId=31f23b34-5b46-4738-8c6d-84c15388c1e4","timestamp":"2026-05-27T12:05:53.352Z"}
{"level":"info","message":"← GET /api/content/coming-soon/active 200 7ms user=- reqId=4e88944e-21d3-4eef-b0f5-b7e52e2d4dd9","timestamp":"2026-05-27T12:05:53.355Z"}
{"level":"info","message":"← GET /api/content?type=GAME&limit=8 200 15ms user=- reqId=23e946f4-768a-4050-91b9-98ba00b0505c","timestamp":"2026-05-27T12:05:53.359Z"}
{"level":"info","message":"→ GET /api/auth/validate user=35 reqId=74f0eb4b-71d3-4767-9555-78bd468879fb","timestamp":"2026-05-27T12:05:53.658Z"}
{"level":"info","message":"← GET /api/auth/validate 200 4ms user=35 reqId=74f0eb4b-71d3-4767-9555-78bd468879fb","timestamp":"2026-05-27T12:05:53.661Z"}
{"level":"info","message":"→ GET /api/recommendations user=35 reqId=69ecfa77-e309-4aed-bc8f-28a691f15744","timestamp":"2026-05-27T12:05:53.787Z"}
{"level":"info","message":"→ GET /api/content?type=MOVIE&limit=12 user=- reqId=fc3d9285-2b40-4598-b02d-2cdb053bec1a","timestamp":"2026-05-27T12:05:53.794Z"}
{"level":"info","message":"→ GET /api/content?type=TV_SERIES&limit=8 user=- reqId=561f9d29-2b1b-4ef4-b0ef-f8f129510c78","timestamp":"2026-05-27T12:05:53.796Z"}
{"level":"info","message":"→ GET /api/content?type=GAME&limit=8 user=- reqId=6fec7d32-bce6-400e-8e1f-1ef64ae77ef4","timestamp":"2026-05-27T12:05:53.797Z"}
{"level":"info","message":"→ GET /api/content/coming-soon/active user=- reqId=ecf22d92-297a-42e1-ade7-aaafe1b60971","timestamp":"2026-05-27T12:05:53.799Z"}
{"level":"info","message":"← GET /api/content?type=TV_SERIES&limit=8 200 8ms user=- reqId=561f9d29-2b1b-4ef4-b0ef-f8f129510c78","timestamp":"2026-05-27T12:05:53.804Z"}
{"level":"info","message":"← GET /api/content?type=MOVIE&limit=12 200 14ms user=- reqId=fc3d9285-2b40-4598-b02d-2cdb053bec1a","timestamp":"2026-05-27T12:05:53.808Z"}
{"level":"info","message":"← GET /api/recommendations 200 30ms user=35 reqId=69ecfa77-e309-4aed-bc8f-28a691f15744","timestamp":"2026-05-27T12:05:53.818Z"}
{"level":"info","message":"← GET /api/content?type=GAME&limit=8 200 23ms user=- reqId=6fec7d32-bce6-400e-8e1f-1ef64ae77ef4","timestamp":"2026-05-27T12:05:53.821Z"}
{"level":"info","message":"← GET /api/content/coming-soon/active 200 51ms user=- reqId=ecf22d92-297a-42e1-ade7-aaafe1b60971","timestamp":"2026-05-27T12:05:53.850Z"}
{"level":"info","message":"→ GET /api/users/me/achievements user=35 reqId=a7af8513-c5d2-413c-bf22-926f4b905f43","timestamp":"2026-05-27T12:05:53.982Z"}
{"level":"info","message":"← GET /api/users/me/achievements 200 210ms user=35 reqId=a7af8513-c5d2-413c-bf22-926f4b905f43","timestamp":"2026-05-27T12:05:54.192Z"}
{"level":"info","message":"→ GET /api/users/me/achievements user=35 reqId=0e64604a-5137-46c0-ac72-80b482dcd9fd","timestamp":"2026-05-27T12:06:08.994Z"}
{"level":"info","message":"← GET /api/users/me/achievements 200 50ms user=35 reqId=0e64604a-5137-46c0-ac72-80b482dcd9fd","timestamp":"2026-05-27T12:06:09.045Z"}
{"level":"info","message":"→ GET /api/users/me/achievements user=35 reqId=ea2c1c6b-b138-4849-afd4-ba914ebc7d42","timestamp":"2026-05-27T12:06:23.680Z"}
{"level":"info","message":"← GET /api/users/me/achievements 200 50ms user=35 reqId=ea2c1c6b-b138-4849-afd4-ba914ebc7d42","timestamp":"2026-05-27T12:06:23.731Z"}
{"level":"info","message":"→ GET /api/content?type=MOVIE&limit=60 user=- reqId=78ce410f-c65c-4884-8045-0d852eb08348","timestamp":"2026-05-27T12:06:32.890Z"}
{"level":"info","message":"← GET /api/content?type=MOVIE&limit=60 200 10ms user=- reqId=78ce410f-c65c-4884-8045-0d852eb08348","timestamp":"2026-05-27T12:06:32.899Z"}
{"level":"info","message":"→ GET /api/content?type=MOVIE&limit=60 user=- reqId=437e1d93-040b-4f70-be22-cc8c5fbf824f","timestamp":"2026-05-27T12:06:33.153Z"}
{"level":"info","message":"← GET /api/content?type=MOVIE&limit=60 200 6ms user=- reqId=437e1d93-040b-4f70-be22-cc8c5fbf824f","timestamp":"2026-05-27T12:06:33.159Z"}
{"level":"info","message":"→ GET /api/content?type=TV_SERIES&limit=60 user=- reqId=8e50e680-961c-48ae-bddf-babb4ed4eb92","timestamp":"2026-05-27T12:06:38.470Z"}
{"level":"info","message":"← GET /api/content?type=TV_SERIES&limit=60 200 5ms user=- reqId=8e50e680-961c-48ae-bddf-babb4ed4eb92","timestamp":"2026-05-27T12:06:38.475Z"}
{"level":"info","message":"→ GET /api/content?type=TV_SERIES&limit=60 user=- reqId=1b77cb5e-90f2-46c0-99f1-1335b010b521","timestamp":"2026-05-27T12:06:38.786Z"}
{"level":"info","message":"← GET /api/content?type=TV_SERIES&limit=60 200 3ms user=- reqId=1b77cb5e-90f2-46c0-99f1-1335b010b521","timestamp":"2026-05-27T12:06:38.789Z"}
{"level":"info","message":"→ GET /api/users/me/achievements user=35 reqId=79e10b0a-9f12-448b-b941-504dc094c3c7","timestamp":"2026-05-27T12:06:39.043Z"}
{"level":"info","message":"← GET /api/users/me/achievements 200 52ms user=35 reqId=79e10b0a-9f12-448b-b941-504dc094c3c7","timestamp":"2026-05-27T12:06:39.094Z"}
{"level":"info","message":"→ GET /api/content?type=GAME&limit=60 user=- reqId=42ab400c-9002-49ac-921b-f8426a53335f","timestamp":"2026-05-27T12:06:39.866Z"}
{"level":"info","message":"← GET /api/content?type=GAME&limit=60 200 4ms user=- reqId=42ab400c-9002-49ac-921b-f8426a53335f","timestamp":"2026-05-27T12:06:39.870Z"}
{"level":"info","message":"→ GET /api/content?type=GAME&limit=60 user=- reqId=f43f6e7c-c41e-4be9-bad0-8460ffc08186","timestamp":"2026-05-27T12:06:40.176Z"}
{"level":"info","message":"← GET /api/content?type=GAME&limit=60 200 4ms user=- reqId=f43f6e7c-c41e-4be9-bad0-8460ffc08186","timestamp":"2026-05-27T12:06:40.179Z"}
{"level":"info","message":"→ GET /api/recommendations user=35 reqId=4303b9bc-c36d-4c9b-af4f-086ef10d3b4e","timestamp":"2026-05-27T12:06:43.675Z"}
{"level":"info","message":"← GET /api/recommendations 200 9ms user=35 reqId=4303b9bc-c36d-4c9b-af4f-086ef10d3b4e","timestamp":"2026-05-27T12:06:43.684Z"}
{"level":"info","message":"→ GET /api/content?type=MOVIE&limit=12 user=- reqId=ac4d2f2b-9959-4339-bbe2-5d55befec9e6","timestamp":"2026-05-27T12:06:43.994Z"}
{"level":"info","message":"→ GET /api/content?type=TV_SERIES&limit=8 user=- reqId=69dda291-367c-488c-a354-fbd464c55260","timestamp":"2026-05-27T12:06:43.996Z"}
{"level":"info","message":"→ GET /api/content?type=GAME&limit=8 user=- reqId=9ad84535-6e12-4824-8b59-109b50f484e4","timestamp":"2026-05-27T12:06:43.997Z"}
{"level":"info","message":"→ GET /api/content/coming-soon/active user=- reqId=0a6ec998-1535-49e5-a5a6-f40f92c1cabe","timestamp":"2026-05-27T12:06:43.998Z"}
{"level":"info","message":"→ GET /api/recommendations user=35 reqId=51f77bdc-71d9-40d1-9aee-711aad1eecf3","timestamp":"2026-05-27T12:06:44.002Z"}
{"level":"info","message":"← GET /api/content/coming-soon/active 200 8ms user=- reqId=0a6ec998-1535-49e5-a5a6-f40f92c1cabe","timestamp":"2026-05-27T12:06:44.006Z"}
{"level":"info","message":"← GET /api/content?type=MOVIE&limit=12 200 16ms user=- reqId=ac4d2f2b-9959-4339-bbe2-5d55befec9e6","timestamp":"2026-05-27T12:06:44.010Z"}
{"level":"info","message":"← GET /api/content?type=TV_SERIES&limit=8 200 16ms user=- reqId=69dda291-367c-488c-a354-fbd464c55260","timestamp":"2026-05-27T12:06:44.012Z"}
{"level":"info","message":"← GET /api/content?type=GAME&limit=8 200 17ms user=- reqId=9ad84535-6e12-4824-8b59-109b50f484e4","timestamp":"2026-05-27T12:06:44.014Z"}
{"level":"info","message":"← GET /api/recommendations 200 17ms user=35 reqId=51f77bdc-71d9-40d1-9aee-711aad1eecf3","timestamp":"2026-05-27T12:06:44.019Z"}
{"level":"info","message":"→ GET /api/content/coming-soon/active user=- reqId=8aab57ee-3669-4067-8a72-f94dcfc4a074","timestamp":"2026-05-27T12:06:44.330Z"}
{"level":"info","message":"→ GET /api/content?type=MOVIE&limit=12 user=- reqId=971432f8-17e6-4dea-86d8-05871cc4755f","timestamp":"2026-05-27T12:06:44.332Z"}
{"level":"info","message":"→ GET /api/content?type=TV_SERIES&limit=8 user=- reqId=89fc07d5-3b07-4458-bc5c-f43432f1f2e6","timestamp":"2026-05-27T12:06:44.332Z"}
{"level":"info","message":"→ GET /api/content?type=GAME&limit=8 user=- reqId=8053b6f1-1338-4ad2-b840-ba2bfbe45de0","timestamp":"2026-05-27T12:06:44.333Z"}
{"level":"info","message":"← GET /api/content/coming-soon/active 200 4ms user=- reqId=8aab57ee-3669-4067-8a72-f94dcfc4a074","timestamp":"2026-05-27T12:06:44.334Z"}
{"level":"info","message":"← GET /api/content?type=MOVIE&limit=12 200 6ms user=- reqId=971432f8-17e6-4dea-86d8-05871cc4755f","timestamp":"2026-05-27T12:06:44.337Z"}
{"level":"info","message":"← GET /api/content?type=TV_SERIES&limit=8 200 7ms user=- reqId=89fc07d5-3b07-4458-bc5c-f43432f1f2e6","timestamp":"2026-05-27T12:06:44.340Z"}
{"level":"info","message":"← GET /api/content?type=GAME&limit=8 200 9ms user=- reqId=8053b6f1-1338-4ad2-b840-ba2bfbe45de0","timestamp":"2026-05-27T12:06:44.342Z"}
{"level":"info","message":"→ GET /api/users/me/achievements user=35 reqId=4a56607d-3552-4f83-aed4-46ecd7434fe9","timestamp":"2026-05-27T12:06:54.245Z"}
{"level":"info","message":"← GET /api/users/me/achievements 200 42ms user=35 reqId=4a56607d-3552-4f83-aed4-46ecd7434fe9","timestamp":"2026-05-27T12:06:54.286Z"}
